This file contains any messages produced by compilers while
running configure, to aid debugging if configure makes a mistake.

It was created by parallel-netcdf configure 1.7.0, which was
generated by GNU Autoconf 2.69.  Invocation command line was

  $ ./configure --with-mpi=/usr/local/Cellar/mpich2/1.4.1/ --prefix=/Users/mac/Documents/Model/DGOM/thirdLibrary/install --disable-cxx --disable-fortran MPICC=/usr/local/Cellar/mpich2/1.4.1/bin/mpicc CC=/usr/local/Cellar/mpich2/1.4.1/bin/mpicc CFLAGS=-O3

## --------- ##
## Platform. ##
## --------- ##

hostname = li12242
uname -m = x86_64
uname -r = 14.5.0
uname -s = Darwin
uname -v = Darwin Kernel Version 14.5.0: Wed Jul 29 02:26:53 PDT 2015; root:xnu-2782.40.9~1/RELEASE_X86_64

/usr/bin/uname -p = i386
/bin/uname -X     = unknown

/bin/arch              = unknown
/usr/bin/arch -k       = unknown
/usr/convex/getsysinfo = unknown
/usr/bin/hostinfo      = Mach kernel version:
	 Darwin Kernel Version 14.5.0: Wed Jul 29 02:26:53 PDT 2015; root:xnu-2782.40.9~1/RELEASE_X86_64
Kernel configured for up to 8 processors.
4 processors are physically available.
8 processors are logically available.
Processor type: i486 (Intel 80486)
Processors active: 0 1 2 3 4 5 6 7
Primary memory available: 8.00 gigabytes
Default processor set: 232 tasks, 1095 threads, 8 processors
Load average: 2.10, Mach factor: 5.88
/bin/machine           = unknown
/usr/bin/oslevel       = unknown
/bin/universe          = unknown

PATH: /Users/mac/anaconda/bin
PATH: /Users/mac/Documents/Model/gnu_libs/fluidty/bin
PATH: /usr/local/cmake/bin
PATH: /Developer/NVIDIA/CUDA-6.0/include
PATH: /Developer/NVIDIA/CUDA-6.0/bin
PATH: /usr/local/bin
PATH: /opt/intel/composer_xe_2015.5.222/bin/intel64
PATH: /opt/intel/composer_xe_2015.5.222/bin/intel64
PATH: /opt/intel/composer_xe_2015.5.222/bin/intel64
PATH: /usr/local/bin
PATH: /usr/bin
PATH: /bin
PATH: /usr/sbin
PATH: /sbin
PATH: /opt/X11/bin
PATH: /usr/texbin
PATH: /opt/intel/composer_xe_2015.5.222/debugger/gdb/intel64/bin
PATH: /opt/intel/composer_xe_2015.5.222/debugger/gdb/intel64/bin
PATH: /opt/intel/composer_xe_2015.5.222/debugger/gdb/intel64/bin


## ----------- ##
## Core tests. ##
## ----------- ##

configure:3433: checking for gcc
configure:3460: result: /usr/local/Cellar/mpich2/1.4.1/bin/mpicc
configure:3689: checking for C compiler version
configure:3698: /usr/local/Cellar/mpich2/1.4.1/bin/mpicc --version >&5
icc (ICC) 15.0.4 20150805
Copyright (C) 1985-2015 Intel Corporation.  All rights reserved.

configure:3709: $? = 0
configure:3698: /usr/local/Cellar/mpich2/1.4.1/bin/mpicc -v >&5
mpicc for MPICH2 version 1.4.1
icc version 15.0.4 (gcc version 5.1.0 compatibility)
configure:3709: $? = 0
configure:3698: /usr/local/Cellar/mpich2/1.4.1/bin/mpicc -V >&5
Intel(R) C Intel(R) 64 Compiler XE for applications running on Intel(R) 64, Version 15.0.5.222 Build 20150805
Copyright (C) 1985-2015 Intel Corporation.  All rights reserved.

@(#)PROGRAM:ld  PROJECT:ld64-241.9
configured to support archs: armv6 armv7 armv7s arm64 i386 x86_64 x86_64h armv6m armv7m armv7em
Library search paths:
	/usr/local/Cellar/mpich2/1.4.1/lib
	/opt/intel/composer_xe_2015.5.222/compiler/lib
	/opt/intel/composer_xe_2015.5.222/mkl/lib
	/opt/intel/composer_xe_2015.5.222/compiler/lib
... rest of stderr output deleted ...
configure:3709: $? = 1
configure:3698: /usr/local/Cellar/mpich2/1.4.1/bin/mpicc -qversion >&5
icc: command line warning #10006: ignoring unknown option '-qversion'
Undefined symbols for architecture x86_64:
  "_main", referenced from:
     implicit entry/start for main executable
ld: symbol(s) not found for architecture x86_64
configure:3709: $? = 1
configure:3729: checking whether the C compiler works
configure:3751: /usr/local/Cellar/mpich2/1.4.1/bin/mpicc -O3   conftest.c  >&5
configure:3755: $? = 0
configure:3803: result: yes
configure:3806: checking for C compiler default output file name
configure:3808: result: a.out
configure:3814: checking for suffix of executables
configure:3821: /usr/local/Cellar/mpich2/1.4.1/bin/mpicc -o conftest -O3   conftest.c  >&5
configure:3825: $? = 0
configure:3847: result: 
configure:3869: checking whether we are cross compiling
configure:3877: /usr/local/Cellar/mpich2/1.4.1/bin/mpicc -o conftest -O3   conftest.c  >&5
configure:3881: $? = 0
configure:3888: ./conftest
configure:3892: $? = 0
configure:3907: result: no
configure:3912: checking for suffix of object files
configure:3934: /usr/local/Cellar/mpich2/1.4.1/bin/mpicc -c -O3  conftest.c >&5
configure:3938: $? = 0
configure:3959: result: o
configure:3963: checking whether we are using the GNU C compiler
configure:3982: /usr/local/Cellar/mpich2/1.4.1/bin/mpicc -c -O3  conftest.c >&5
configure:3982: $? = 0
configure:3991: result: yes
configure:4000: checking whether /usr/local/Cellar/mpich2/1.4.1/bin/mpicc accepts -g
configure:4020: /usr/local/Cellar/mpich2/1.4.1/bin/mpicc -c -g  conftest.c >&5
configure:4020: $? = 0
configure:4061: result: yes
configure:4078: checking for /usr/local/Cellar/mpich2/1.4.1/bin/mpicc option to accept ISO C89
configure:4141: /usr/local/Cellar/mpich2/1.4.1/bin/mpicc  -c -O3  conftest.c >&5
configure:4141: $? = 0
configure:4154: result: none needed
configure:4184: checking for special C compiler options needed for large files
configure:4229: result: no
configure:4235: checking for _FILE_OFFSET_BITS value needed for large files
configure:4260: /usr/local/Cellar/mpich2/1.4.1/bin/mpicc -c -O3  conftest.c >&5
configure:4260: $? = 0
configure:4292: result: no
configure:4379: checking how to make dependencies
configure:4414: result: false
configure:4421: checking for MPI_Comm_rank
configure:4421: /usr/local/Cellar/mpich2/1.4.1/bin/mpicc -o conftest -O3   conftest.c  >&5
configure:4421: $? = 0
configure:4421: result: yes
configure:4504: checking for MPI_File_open
configure:4504: /usr/local/Cellar/mpich2/1.4.1/bin/mpicc -o conftest -O3   conftest.c  >&5
configure:4504: $? = 0
configure:4504: result: yes
configure:8657: checking for a BSD-compatible install
configure:8725: result: /usr/bin/install -c
configure:8740: checking whether ln -s works
configure:8744: result: yes
configure:8751: checking whether make sets $(MAKE)
configure:8773: result: yes
configure:8783: checking for grep that handles long lines and -e
configure:8841: result: /usr/bin/grep
configure:8846: checking for egrep
configure:8908: result: /usr/bin/grep -E
configure:8922: checking for m4
configure:8938: found /usr/bin/m4
configure:8949: result: m4
configure:9005: checking m4 flags
configure:9016: result: 
configure:9026: checking for ar
configure:9042: found /usr/bin/ar
configure:9053: result: ar
configure:9109: checking ar flags
configure:9114: result: cru
configure:9124: checking for nm
configure:9140: found /usr/bin/nm
configure:9151: result: nm
configure:9207: checking nm flags
configure:9212: result: 
configure:9262: checking for ranlib
configure:9278: found /usr/bin/ranlib
configure:9289: result: ranlib
configure:9317: checking how to run the C preprocessor
configure:9348: /usr/local/Cellar/mpich2/1.4.1/bin/mpicc -E  conftest.c
configure:9348: $? = 0
configure:9362: /usr/local/Cellar/mpich2/1.4.1/bin/mpicc -E  conftest.c
conftest.c(16): error #2379: cannot open source file "ac_nonexistent.h"
  #include <ac_nonexistent.h>
                             ^

configure:9362: $? = 2
configure: failed program was:
| /* confdefs.h */
| #define PACKAGE_NAME "parallel-netcdf"
| #define PACKAGE_TARNAME "parallel-netcdf"
| #define PACKAGE_VERSION "1.7.0"
| #define PACKAGE_STRING "parallel-netcdf 1.7.0"
| #define PACKAGE_BUGREPORT "parallel-netcdf@mcs.anl.gov"
| #define PACKAGE_URL ""
| #define PNETCDF_VERSION_MAJOR 1
| #define PNETCDF_VERSION_MINOR 7
| #define PNETCDF_VERSION_SUB 0
| #define PNETCDF_VERSION_PRE 
| #define PNETCDF_VERSION "1.7.0"
| #define PNETCDF_RELEASE_DATE "03 Mar 2016"
| #define CONFIGURE_ARGS_CLEAN "--with-mpi=/usr/local/Cellar/mpich2/1.4.1/ --prefix=/Users/mac/Documents/Model/DGOM/thirdLibrary/install --disable-cxx --disable-fortran MPICC=/usr/local/Cellar/mpich2/1.4.1/bin/mpicc CC=/usr/local/Cellar/mpich2/1.4.1/bin/mpicc CFLAGS=-O3"
| /* end confdefs.h.  */
| #include <ac_nonexistent.h>
configure:9387: result: /usr/local/Cellar/mpich2/1.4.1/bin/mpicc -E
configure:9407: /usr/local/Cellar/mpich2/1.4.1/bin/mpicc -E  conftest.c
configure:9407: $? = 0
configure:9421: /usr/local/Cellar/mpich2/1.4.1/bin/mpicc -E  conftest.c
conftest.c(16): error #2379: cannot open source file "ac_nonexistent.h"
  #include <ac_nonexistent.h>
                             ^

configure:9421: $? = 2
configure: failed program was:
| /* confdefs.h */
| #define PACKAGE_NAME "parallel-netcdf"
| #define PACKAGE_TARNAME "parallel-netcdf"
| #define PACKAGE_VERSION "1.7.0"
| #define PACKAGE_STRING "parallel-netcdf 1.7.0"
| #define PACKAGE_BUGREPORT "parallel-netcdf@mcs.anl.gov"
| #define PACKAGE_URL ""
| #define PNETCDF_VERSION_MAJOR 1
| #define PNETCDF_VERSION_MINOR 7
| #define PNETCDF_VERSION_SUB 0
| #define PNETCDF_VERSION_PRE 
| #define PNETCDF_VERSION "1.7.0"
| #define PNETCDF_RELEASE_DATE "03 Mar 2016"
| #define CONFIGURE_ARGS_CLEAN "--with-mpi=/usr/local/Cellar/mpich2/1.4.1/ --prefix=/Users/mac/Documents/Model/DGOM/thirdLibrary/install --disable-cxx --disable-fortran MPICC=/usr/local/Cellar/mpich2/1.4.1/bin/mpicc CC=/usr/local/Cellar/mpich2/1.4.1/bin/mpicc CFLAGS=-O3"
| /* end confdefs.h.  */
| #include <ac_nonexistent.h>
configure:9450: checking for ANSI C header files
configure:9478: /usr/local/Cellar/mpich2/1.4.1/bin/mpicc -c -O3  conftest.c >&5
configure:9478: $? = 0
configure:9551: /usr/local/Cellar/mpich2/1.4.1/bin/mpicc -o conftest -O3   conftest.c  >&5
configure:9551: $? = 0
configure:9551: ./conftest
configure:9551: $? = 0
configure:9562: result: yes
configure:9575: checking for sys/types.h
configure:9575: /usr/local/Cellar/mpich2/1.4.1/bin/mpicc -c -O3  conftest.c >&5
configure:9575: $? = 0
configure:9575: result: yes
configure:9575: checking for sys/stat.h
configure:9575: /usr/local/Cellar/mpich2/1.4.1/bin/mpicc -c -O3  conftest.c >&5
configure:9575: $? = 0
configure:9575: result: yes
configure:9575: checking for stdlib.h
configure:9575: /usr/local/Cellar/mpich2/1.4.1/bin/mpicc -c -O3  conftest.c >&5
configure:9575: $? = 0
configure:9575: result: yes
configure:9575: checking for string.h
configure:9575: /usr/local/Cellar/mpich2/1.4.1/bin/mpicc -c -O3  conftest.c >&5
configure:9575: $? = 0
configure:9575: result: yes
configure:9575: checking for memory.h
configure:9575: /usr/local/Cellar/mpich2/1.4.1/bin/mpicc -c -O3  conftest.c >&5
configure:9575: $? = 0
configure:9575: result: yes
configure:9575: checking for strings.h
configure:9575: /usr/local/Cellar/mpich2/1.4.1/bin/mpicc -c -O3  conftest.c >&5
configure:9575: $? = 0
configure:9575: result: yes
configure:9575: checking for inttypes.h
configure:9575: /usr/local/Cellar/mpich2/1.4.1/bin/mpicc -c -O3  conftest.c >&5
configure:9575: $? = 0
configure:9575: result: yes
configure:9575: checking for stdint.h
configure:9575: /usr/local/Cellar/mpich2/1.4.1/bin/mpicc -c -O3  conftest.c >&5
configure:9575: $? = 0
configure:9575: result: yes
configure:9575: checking for unistd.h
configure:9575: /usr/local/Cellar/mpich2/1.4.1/bin/mpicc -c -O3  conftest.c >&5
configure:9575: $? = 0
configure:9575: result: yes
configure:9587: checking for stdbool.h that conforms to C99
configure:9662: /usr/local/Cellar/mpich2/1.4.1/bin/mpicc -c -O3  conftest.c >&5
configure:9662: $? = 0
configure:9669: result: yes
configure:9671: checking for _Bool
configure:9671: /usr/local/Cellar/mpich2/1.4.1/bin/mpicc -c -O3  conftest.c >&5
configure:9671: $? = 0
configure:9671: /usr/local/Cellar/mpich2/1.4.1/bin/mpicc -c -O3  conftest.c >&5
conftest.c(70): error: expected an expression
  if (sizeof ((_Bool)))
                     ^

compilation aborted for conftest.c (code 2)
configure:9671: $? = 2
configure: failed program was:
| /* confdefs.h */
| #define PACKAGE_NAME "parallel-netcdf"
| #define PACKAGE_TARNAME "parallel-netcdf"
| #define PACKAGE_VERSION "1.7.0"
| #define PACKAGE_STRING "parallel-netcdf 1.7.0"
| #define PACKAGE_BUGREPORT "parallel-netcdf@mcs.anl.gov"
| #define PACKAGE_URL ""
| #define PNETCDF_VERSION_MAJOR 1
| #define PNETCDF_VERSION_MINOR 7
| #define PNETCDF_VERSION_SUB 0
| #define PNETCDF_VERSION_PRE 
| #define PNETCDF_VERSION "1.7.0"
| #define PNETCDF_RELEASE_DATE "03 Mar 2016"
| #define CONFIGURE_ARGS_CLEAN "--with-mpi=/usr/local/Cellar/mpich2/1.4.1/ --prefix=/Users/mac/Documents/Model/DGOM/thirdLibrary/install --disable-cxx --disable-fortran MPICC=/usr/local/Cellar/mpich2/1.4.1/bin/mpicc CC=/usr/local/Cellar/mpich2/1.4.1/bin/mpicc CFLAGS=-O3"
| #define STDC_HEADERS 1
| #define HAVE_SYS_TYPES_H 1
| #define HAVE_SYS_STAT_H 1
| #define HAVE_STDLIB_H 1
| #define HAVE_STRING_H 1
| #define HAVE_MEMORY_H 1
| #define HAVE_STRINGS_H 1
| #define HAVE_INTTYPES_H 1
| #define HAVE_STDINT_H 1
| #define HAVE_UNISTD_H 1
| /* end confdefs.h.  */
| #include <stdio.h>
| #ifdef HAVE_SYS_TYPES_H
| # include <sys/types.h>
| #endif
| #ifdef HAVE_SYS_STAT_H
| # include <sys/stat.h>
| #endif
| #ifdef STDC_HEADERS
| # include <stdlib.h>
| # include <stddef.h>
| #else
| # ifdef HAVE_STDLIB_H
| #  include <stdlib.h>
| # endif
| #endif
| #ifdef HAVE_STRING_H
| # if !defined STDC_HEADERS && defined HAVE_MEMORY_H
| #  include <memory.h>
| # endif
| # include <string.h>
| #endif
| #ifdef HAVE_STRINGS_H
| # include <strings.h>
| #endif
| #ifdef HAVE_INTTYPES_H
| # include <inttypes.h>
| #endif
| #ifdef HAVE_STDINT_H
| # include <stdint.h>
| #endif
| #ifdef HAVE_UNISTD_H
| # include <unistd.h>
| #endif
| #ifdef FC_DUMMY_MAIN
| #ifndef FC_DUMMY_MAIN_EQ_F77
| #  ifdef __cplusplus
|      extern "C"
| #  endif
|    int FC_DUMMY_MAIN() { return 1; }
| #endif
| #endif
| int
| main ()
| {
| if (sizeof ((_Bool)))
| 	    return 0;
|   ;
|   return 0;
| }
configure:9671: result: yes
configure:9689: checking for inline
configure:9705: /usr/local/Cellar/mpich2/1.4.1/bin/mpicc -c -O3  conftest.c >&5
configure:9705: $? = 0
configure:9713: result: inline
configure:9734: checking for IEEE floating point format
configure:9772: /usr/local/Cellar/mpich2/1.4.1/bin/mpicc -o conftest -O3   conftest.c  >&5
configure:9772: $? = 0
configure:9772: ./conftest
configure:9772: $? = 0
configure:9781: result: yes
configure:9793: checking for strerror
configure:9793: /usr/local/Cellar/mpich2/1.4.1/bin/mpicc -o conftest -O3   conftest.c  >&5
configure:9793: $? = 0
configure:9793: result: yes
configure:9793: checking for access
configure:9793: /usr/local/Cellar/mpich2/1.4.1/bin/mpicc -o conftest -O3   conftest.c  >&5
configure:9793: $? = 0
configure:9793: result: yes
configure:9793: checking for unlink
configure:9793: /usr/local/Cellar/mpich2/1.4.1/bin/mpicc -o conftest -O3   conftest.c  >&5
configure:9793: $? = 0
configure:9793: result: yes
configure:9811: checking PnetCDF debug mode
configure:9848: result: no
configure:9853: checking for MPI_Offset
configure:9853: /usr/local/Cellar/mpich2/1.4.1/bin/mpicc -c -O3  conftest.c >&5
configure:9853: $? = 0
configure:9853: /usr/local/Cellar/mpich2/1.4.1/bin/mpicc -c -O3  conftest.c >&5
conftest.c(44): error: expected an expression
  if (sizeof ((MPI_Offset)))
                          ^

compilation aborted for conftest.c (code 2)
configure:9853: $? = 2
configure: failed program was:
| /* confdefs.h */
| #define PACKAGE_NAME "parallel-netcdf"
| #define PACKAGE_TARNAME "parallel-netcdf"
| #define PACKAGE_VERSION "1.7.0"
| #define PACKAGE_STRING "parallel-netcdf 1.7.0"
| #define PACKAGE_BUGREPORT "parallel-netcdf@mcs.anl.gov"
| #define PACKAGE_URL ""
| #define PNETCDF_VERSION_MAJOR 1
| #define PNETCDF_VERSION_MINOR 7
| #define PNETCDF_VERSION_SUB 0
| #define PNETCDF_VERSION_PRE 
| #define PNETCDF_VERSION "1.7.0"
| #define PNETCDF_RELEASE_DATE "03 Mar 2016"
| #define CONFIGURE_ARGS_CLEAN "--with-mpi=/usr/local/Cellar/mpich2/1.4.1/ --prefix=/Users/mac/Documents/Model/DGOM/thirdLibrary/install --disable-cxx --disable-fortran MPICC=/usr/local/Cellar/mpich2/1.4.1/bin/mpicc CC=/usr/local/Cellar/mpich2/1.4.1/bin/mpicc CFLAGS=-O3"
| #define STDC_HEADERS 1
| #define HAVE_SYS_TYPES_H 1
| #define HAVE_SYS_STAT_H 1
| #define HAVE_STDLIB_H 1
| #define HAVE_STRING_H 1
| #define HAVE_MEMORY_H 1
| #define HAVE_STRINGS_H 1
| #define HAVE_INTTYPES_H 1
| #define HAVE_STDINT_H 1
| #define HAVE_UNISTD_H 1
| #define HAVE__BOOL 1
| #define HAVE_STDBOOL_H 1
| #define HAVE_STRERROR 1
| #define HAVE_ACCESS 1
| #define HAVE_UNLINK 1
| /* end confdefs.h.  */
| #include <mpi.h>
| 
| #ifdef FC_DUMMY_MAIN
| #ifndef FC_DUMMY_MAIN_EQ_F77
| #  ifdef __cplusplus
|      extern "C"
| #  endif
|    int FC_DUMMY_MAIN() { return 1; }
| #endif
| #endif
| int
| main ()
| {
| if (sizeof ((MPI_Offset)))
| 	    return 0;
|   ;
|   return 0;
| }
configure:9853: result: yes
configure:9864: checking size of MPI_Offset
configure:9869: /usr/local/Cellar/mpich2/1.4.1/bin/mpicc -o conftest -O3   conftest.c  >&5
configure:9869: $? = 0
configure:9869: ./conftest
configure:9869: $? = 0
configure:9884: result: 8
configure:9901: checking size of MPI_Aint
configure:9906: /usr/local/Cellar/mpich2/1.4.1/bin/mpicc -o conftest -O3   conftest.c  >&5
configure:9906: $? = 0
configure:9906: ./conftest
configure:9906: $? = 0
configure:9921: result: 8
configure:9964: checking for MPI_Info_dup
configure:9964: /usr/local/Cellar/mpich2/1.4.1/bin/mpicc -o conftest -O3   conftest.c  >&5
configure:9964: $? = 0
configure:9964: result: yes
configure:9964: checking for MPI_Info_free
configure:9964: /usr/local/Cellar/mpich2/1.4.1/bin/mpicc -o conftest -O3   conftest.c  >&5
configure:9964: $? = 0
configure:9964: result: yes
configure:9964: checking for MPI_Get_address
configure:9964: /usr/local/Cellar/mpich2/1.4.1/bin/mpicc -o conftest -O3   conftest.c  >&5
configure:9964: $? = 0
configure:9964: result: yes
configure:9976: checking for MPI_Type_create_subarray
configure:9976: /usr/local/Cellar/mpich2/1.4.1/bin/mpicc -o conftest -O3   conftest.c  >&5
configure:9976: $? = 0
configure:9976: result: yes
configure:9976: checking for MPI_Type_create_hvector
configure:9976: /usr/local/Cellar/mpich2/1.4.1/bin/mpicc -o conftest -O3   conftest.c  >&5
configure:9976: $? = 0
configure:9976: result: yes
configure:9976: checking for MPI_Type_create_hindexed
configure:9976: /usr/local/Cellar/mpich2/1.4.1/bin/mpicc -o conftest -O3   conftest.c  >&5
configure:9976: $? = 0
configure:9976: result: yes
configure:9976: checking for MPI_Type_create_struct
configure:9976: /usr/local/Cellar/mpich2/1.4.1/bin/mpicc -o conftest -O3   conftest.c  >&5
configure:9976: $? = 0
configure:9976: result: yes
configure:9976: checking for MPI_Type_create_resized
configure:9976: /usr/local/Cellar/mpich2/1.4.1/bin/mpicc -o conftest -O3   conftest.c  >&5
configure:9976: $? = 0
configure:9976: result: yes
configure:9976: checking for MPI_Type_get_extent
configure:9976: /usr/local/Cellar/mpich2/1.4.1/bin/mpicc -o conftest -O3   conftest.c  >&5
configure:9976: $? = 0
configure:9976: result: yes
configure:9987: checking if MPI constant MPI_COMBINER_DUP is defined 
configure:9996: /usr/local/Cellar/mpich2/1.4.1/bin/mpicc -c -O3  conftest.c >&5
configure:9996: $? = 0
configure:9997: result: yes
configure:10011: checking if MPI constant MPI_COMBINER_HVECTOR_INTEGER is defined 
configure:10020: /usr/local/Cellar/mpich2/1.4.1/bin/mpicc -c -O3  conftest.c >&5
configure:10020: $? = 0
configure:10021: result: yes
configure:10035: checking if MPI constant MPI_COMBINER_HINDEXED_INTEGER is defined 
configure:10044: /usr/local/Cellar/mpich2/1.4.1/bin/mpicc -c -O3  conftest.c >&5
configure:10044: $? = 0
configure:10045: result: yes
configure:10059: checking if MPI constant MPI_COMBINER_SUBARRAY is defined 
configure:10068: /usr/local/Cellar/mpich2/1.4.1/bin/mpicc -c -O3  conftest.c >&5
configure:10068: $? = 0
configure:10069: result: yes
configure:10083: checking if MPI constant MPI_COMBINER_DARRAY is defined 
configure:10092: /usr/local/Cellar/mpich2/1.4.1/bin/mpicc -c -O3  conftest.c >&5
configure:10092: $? = 0
configure:10093: result: yes
configure:10107: checking if MPI constant MPI_COMBINER_RESIZED is defined 
configure:10116: /usr/local/Cellar/mpich2/1.4.1/bin/mpicc -c -O3  conftest.c >&5
configure:10116: $? = 0
configure:10117: result: yes
configure:10131: checking if MPI constant MPI_COMBINER_STRUCT_INTEGER is defined 
configure:10140: /usr/local/Cellar/mpich2/1.4.1/bin/mpicc -c -O3  conftest.c >&5
configure:10140: $? = 0
configure:10141: result: yes
configure:10155: checking if MPI constant MPI_COMBINER_INDEXED_BLOCK is defined 
configure:10164: /usr/local/Cellar/mpich2/1.4.1/bin/mpicc -c -O3  conftest.c >&5
configure:10164: $? = 0
configure:10165: result: yes
configure:10179: checking if MPI constant MPI_COMBINER_F90_REAL is defined 
configure:10188: /usr/local/Cellar/mpich2/1.4.1/bin/mpicc -c -O3  conftest.c >&5
configure:10188: $? = 0
configure:10189: result: yes
configure:10203: checking if MPI constant MPI_COMBINER_F90_INTEGER is defined 
configure:10212: /usr/local/Cellar/mpich2/1.4.1/bin/mpicc -c -O3  conftest.c >&5
configure:10212: $? = 0
configure:10213: result: yes
configure:10227: checking if MPI constant MPI_COMBINER_F90_COMPLEX is defined 
configure:10236: /usr/local/Cellar/mpich2/1.4.1/bin/mpicc -c -O3  conftest.c >&5
configure:10236: $? = 0
configure:10237: result: yes
configure:10252: checking if MPI constant MPI_ERR_FILE_EXISTS is defined 
configure:10261: /usr/local/Cellar/mpich2/1.4.1/bin/mpicc -c -O3  conftest.c >&5
configure:10261: $? = 0
configure:10262: result: yes
configure:10276: checking if MPI constant MPI_ERR_NO_SUCH_FILE is defined 
configure:10285: /usr/local/Cellar/mpich2/1.4.1/bin/mpicc -c -O3  conftest.c >&5
configure:10285: $? = 0
configure:10286: result: yes
configure:10300: checking if MPI constant MPI_ERR_AMODE is defined 
configure:10309: /usr/local/Cellar/mpich2/1.4.1/bin/mpicc -c -O3  conftest.c >&5
configure:10309: $? = 0
configure:10310: result: yes
configure:10324: checking if MPI constant MPI_ERR_NOT_SAME is defined 
configure:10333: /usr/local/Cellar/mpich2/1.4.1/bin/mpicc -c -O3  conftest.c >&5
configure:10333: $? = 0
configure:10334: result: yes
configure:10348: checking if MPI constant MPI_ERR_BAD_FILE is defined 
configure:10357: /usr/local/Cellar/mpich2/1.4.1/bin/mpicc -c -O3  conftest.c >&5
configure:10357: $? = 0
configure:10358: result: yes
configure:10372: checking if MPI constant MPI_ERR_READ_ONLY is defined 
configure:10381: /usr/local/Cellar/mpich2/1.4.1/bin/mpicc -c -O3  conftest.c >&5
configure:10381: $? = 0
configure:10382: result: yes
configure:10396: checking if MPI constant MPI_ERR_ACCESS is defined 
configure:10405: /usr/local/Cellar/mpich2/1.4.1/bin/mpicc -c -O3  conftest.c >&5
configure:10405: $? = 0
configure:10406: result: yes
configure:10420: checking if MPI constant MPI_ERR_NO_SPACE is defined 
configure:10429: /usr/local/Cellar/mpich2/1.4.1/bin/mpicc -c -O3  conftest.c >&5
configure:10429: $? = 0
configure:10430: result: yes
configure:10444: checking if MPI constant MPI_ERR_QUOTA is defined 
configure:10453: /usr/local/Cellar/mpich2/1.4.1/bin/mpicc -c -O3  conftest.c >&5
configure:10453: $? = 0
configure:10454: result: yes
configure:10469: checking if MPI datatype MPI_CHAR is defined 
configure:10478: /usr/local/Cellar/mpich2/1.4.1/bin/mpicc -c -O3  conftest.c >&5
configure:10478: $? = 0
configure:10479: result: yes
configure:10493: checking if MPI datatype MPI_BYTE is defined 
configure:10502: /usr/local/Cellar/mpich2/1.4.1/bin/mpicc -c -O3  conftest.c >&5
configure:10502: $? = 0
configure:10503: result: yes
configure:10517: checking if MPI datatype MPI_SIGNED_CHAR is defined 
configure:10526: /usr/local/Cellar/mpich2/1.4.1/bin/mpicc -c -O3  conftest.c >&5
configure:10526: $? = 0
configure:10527: result: yes
configure:10541: checking if MPI datatype MPI_UNSIGNED_CHAR is defined 
configure:10550: /usr/local/Cellar/mpich2/1.4.1/bin/mpicc -c -O3  conftest.c >&5
configure:10550: $? = 0
configure:10551: result: yes
configure:10565: checking if MPI datatype MPI_SHORT is defined 
configure:10574: /usr/local/Cellar/mpich2/1.4.1/bin/mpicc -c -O3  conftest.c >&5
configure:10574: $? = 0
configure:10575: result: yes
configure:10589: checking if MPI datatype MPI_UNSIGNED_SHORT is defined 
configure:10598: /usr/local/Cellar/mpich2/1.4.1/bin/mpicc -c -O3  conftest.c >&5
configure:10598: $? = 0
configure:10599: result: yes
configure:10613: checking if MPI datatype MPI_INT is defined 
configure:10622: /usr/local/Cellar/mpich2/1.4.1/bin/mpicc -c -O3  conftest.c >&5
configure:10622: $? = 0
configure:10623: result: yes
configure:10637: checking if MPI datatype MPI_UNSIGNED is defined 
configure:10646: /usr/local/Cellar/mpich2/1.4.1/bin/mpicc -c -O3  conftest.c >&5
configure:10646: $? = 0
configure:10647: result: yes
configure:10661: checking if MPI datatype MPI_LONG is defined 
configure:10670: /usr/local/Cellar/mpich2/1.4.1/bin/mpicc -c -O3  conftest.c >&5
configure:10670: $? = 0
configure:10671: result: yes
configure:10685: checking if MPI datatype MPI_FLOAT is defined 
configure:10694: /usr/local/Cellar/mpich2/1.4.1/bin/mpicc -c -O3  conftest.c >&5
configure:10694: $? = 0
configure:10695: result: yes
configure:10709: checking if MPI datatype MPI_DOUBLE is defined 
configure:10718: /usr/local/Cellar/mpich2/1.4.1/bin/mpicc -c -O3  conftest.c >&5
configure:10718: $? = 0
configure:10719: result: yes
configure:10733: checking if MPI datatype MPI_LONG_LONG_INT is defined 
configure:10742: /usr/local/Cellar/mpich2/1.4.1/bin/mpicc -c -O3  conftest.c >&5
configure:10742: $? = 0
configure:10743: result: yes
configure:10757: checking if MPI datatype MPI_UNSIGNED_LONG_LONG is defined 
configure:10766: /usr/local/Cellar/mpich2/1.4.1/bin/mpicc -c -O3  conftest.c >&5
configure:10766: $? = 0
configure:10767: result: yes
configure:10781: checking if MPI datatype MPI_UB is defined 
configure:10790: /usr/local/Cellar/mpich2/1.4.1/bin/mpicc -c -O3  conftest.c >&5
configure:10790: $? = 0
configure:10791: result: yes
configure:10805: checking if MPI datatype MPI_LB is defined 
configure:10814: /usr/local/Cellar/mpich2/1.4.1/bin/mpicc -c -O3  conftest.c >&5
configure:10814: $? = 0
configure:10815: result: yes
configure:10829: checking if MPI datatype MPI_OFFSET is defined 
configure:10838: /usr/local/Cellar/mpich2/1.4.1/bin/mpicc -c -O3  conftest.c >&5
configure:10838: $? = 0
configure:10839: result: yes
configure:11229: checking whether char is unsigned
configure:11256: /usr/local/Cellar/mpich2/1.4.1/bin/mpicc -c -O3  conftest.c >&5
configure:11256: $? = 0
configure:11263: result: no
configure:11270: checking whether byte ordering is bigendian
configure:11285: /usr/local/Cellar/mpich2/1.4.1/bin/mpicc -c -O3  conftest.c >&5
configure:11285: $? = 0
configure:11338: /usr/local/Cellar/mpich2/1.4.1/bin/mpicc -c -O3  conftest.c >&5
configure:11338: $? = 0
configure:11364: /usr/local/Cellar/mpich2/1.4.1/bin/mpicc -c -O3  conftest.c >&5
conftest.c(95): error: identifier "not" is undefined
  		 not big endian
  		 ^

conftest.c(95): error: expected a ";"
  		 not big endian
  		         ^

conftest.c(98): warning #12: parsing restarts here after previous syntax error
    ;
    ^

compilation aborted for conftest.c (code 2)
configure:11364: $? = 2
configure: failed program was:
| /* confdefs.h */
| #define PACKAGE_NAME "parallel-netcdf"
| #define PACKAGE_TARNAME "parallel-netcdf"
| #define PACKAGE_VERSION "1.7.0"
| #define PACKAGE_STRING "parallel-netcdf 1.7.0"
| #define PACKAGE_BUGREPORT "parallel-netcdf@mcs.anl.gov"
| #define PACKAGE_URL ""
| #define PNETCDF_VERSION_MAJOR 1
| #define PNETCDF_VERSION_MINOR 7
| #define PNETCDF_VERSION_SUB 0
| #define PNETCDF_VERSION_PRE 
| #define PNETCDF_VERSION "1.7.0"
| #define PNETCDF_RELEASE_DATE "03 Mar 2016"
| #define CONFIGURE_ARGS_CLEAN "--with-mpi=/usr/local/Cellar/mpich2/1.4.1/ --prefix=/Users/mac/Documents/Model/DGOM/thirdLibrary/install --disable-cxx --disable-fortran MPICC=/usr/local/Cellar/mpich2/1.4.1/bin/mpicc CC=/usr/local/Cellar/mpich2/1.4.1/bin/mpicc CFLAGS=-O3"
| #define STDC_HEADERS 1
| #define HAVE_SYS_TYPES_H 1
| #define HAVE_SYS_STAT_H 1
| #define HAVE_STDLIB_H 1
| #define HAVE_STRING_H 1
| #define HAVE_MEMORY_H 1
| #define HAVE_STRINGS_H 1
| #define HAVE_INTTYPES_H 1
| #define HAVE_STDINT_H 1
| #define HAVE_UNISTD_H 1
| #define HAVE__BOOL 1
| #define HAVE_STDBOOL_H 1
| #define HAVE_STRERROR 1
| #define HAVE_ACCESS 1
| #define HAVE_UNLINK 1
| #define SIZEOF_MPI_OFFSET 8
| #define SIZEOF_MPI_AINT 8
| #define ENABLE_CDF5 /**/
| #define ENABLE_REQ_AGGREGATION /**/
| #define HAVE_MPI_INFO_DUP 1
| #define HAVE_MPI_INFO_FREE 1
| #define HAVE_MPI_GET_ADDRESS 1
| #define HAVE_MPI_TYPE_CREATE_SUBARRAY 1
| #define HAVE_MPI_TYPE_CREATE_HVECTOR 1
| #define HAVE_MPI_TYPE_CREATE_HINDEXED 1
| #define HAVE_MPI_TYPE_CREATE_STRUCT 1
| #define HAVE_MPI_TYPE_CREATE_RESIZED 1
| #define HAVE_MPI_TYPE_GET_EXTENT 1
| #define HAVE_MPI_COMBINER_DUP 1
| #define HAVE_MPI_COMBINER_HVECTOR_INTEGER 1
| #define HAVE_MPI_COMBINER_HINDEXED_INTEGER 1
| #define HAVE_MPI_COMBINER_SUBARRAY 1
| #define HAVE_MPI_COMBINER_DARRAY 1
| #define HAVE_MPI_COMBINER_RESIZED 1
| #define HAVE_MPI_COMBINER_STRUCT_INTEGER 1
| #define HAVE_MPI_COMBINER_INDEXED_BLOCK 1
| #define HAVE_MPI_COMBINER_F90_REAL 1
| #define HAVE_MPI_COMBINER_F90_INTEGER 1
| #define HAVE_MPI_COMBINER_F90_COMPLEX 1
| #define HAVE_MPI_ERR_FILE_EXISTS 1
| #define HAVE_MPI_ERR_NO_SUCH_FILE 1
| #define HAVE_MPI_ERR_AMODE 1
| #define HAVE_MPI_ERR_NOT_SAME 1
| #define HAVE_MPI_ERR_BAD_FILE 1
| #define HAVE_MPI_ERR_READ_ONLY 1
| #define HAVE_MPI_ERR_ACCESS 1
| #define HAVE_MPI_ERR_NO_SPACE 1
| #define HAVE_MPI_ERR_QUOTA 1
| #define HAVE_MPI_CHAR 1
| #define HAVE_MPI_BYTE 1
| #define HAVE_MPI_SIGNED_CHAR 1
| #define HAVE_MPI_UNSIGNED_CHAR 1
| #define HAVE_MPI_SHORT 1
| #define HAVE_MPI_UNSIGNED_SHORT 1
| #define HAVE_MPI_INT 1
| #define HAVE_MPI_UNSIGNED 1
| #define HAVE_MPI_LONG 1
| #define HAVE_MPI_FLOAT 1
| #define HAVE_MPI_DOUBLE 1
| #define HAVE_MPI_LONG_LONG_INT 1
| #define HAVE_MPI_UNSIGNED_LONG_LONG 1
| #define HAVE_MPI_UB 1
| #define HAVE_MPI_LB 1
| #define HAVE_MPI_OFFSET_DATATYPE 1
| /* end confdefs.h.  */
| #include <sys/types.h>
| 		#include <sys/param.h>
| 
| #ifdef FC_DUMMY_MAIN
| #ifndef FC_DUMMY_MAIN_EQ_F77
| #  ifdef __cplusplus
|      extern "C"
| #  endif
|    int FC_DUMMY_MAIN() { return 1; }
| #endif
| #endif
| int
| main ()
| {
| #if BYTE_ORDER != BIG_ENDIAN
| 		 not big endian
| 		#endif
| 
|   ;
|   return 0;
| }
configure:11524: result: no
configure:11555: checking for size_t
configure:11555: /usr/local/Cellar/mpich2/1.4.1/bin/mpicc -c -O3  conftest.c >&5
configure:11555: $? = 0
configure:11555: /usr/local/Cellar/mpich2/1.4.1/bin/mpicc -c -O3  conftest.c >&5
conftest.c(124): error: expected an expression
  if (sizeof ((size_t)))
                      ^

compilation aborted for conftest.c (code 2)
configure:11555: $? = 2
configure: failed program was:
| /* confdefs.h */
| #define PACKAGE_NAME "parallel-netcdf"
| #define PACKAGE_TARNAME "parallel-netcdf"
| #define PACKAGE_VERSION "1.7.0"
| #define PACKAGE_STRING "parallel-netcdf 1.7.0"
| #define PACKAGE_BUGREPORT "parallel-netcdf@mcs.anl.gov"
| #define PACKAGE_URL ""
| #define PNETCDF_VERSION_MAJOR 1
| #define PNETCDF_VERSION_MINOR 7
| #define PNETCDF_VERSION_SUB 0
| #define PNETCDF_VERSION_PRE 
| #define PNETCDF_VERSION "1.7.0"
| #define PNETCDF_RELEASE_DATE "03 Mar 2016"
| #define CONFIGURE_ARGS_CLEAN "--with-mpi=/usr/local/Cellar/mpich2/1.4.1/ --prefix=/Users/mac/Documents/Model/DGOM/thirdLibrary/install --disable-cxx --disable-fortran MPICC=/usr/local/Cellar/mpich2/1.4.1/bin/mpicc CC=/usr/local/Cellar/mpich2/1.4.1/bin/mpicc CFLAGS=-O3"
| #define STDC_HEADERS 1
| #define HAVE_SYS_TYPES_H 1
| #define HAVE_SYS_STAT_H 1
| #define HAVE_STDLIB_H 1
| #define HAVE_STRING_H 1
| #define HAVE_MEMORY_H 1
| #define HAVE_STRINGS_H 1
| #define HAVE_INTTYPES_H 1
| #define HAVE_STDINT_H 1
| #define HAVE_UNISTD_H 1
| #define HAVE__BOOL 1
| #define HAVE_STDBOOL_H 1
| #define HAVE_STRERROR 1
| #define HAVE_ACCESS 1
| #define HAVE_UNLINK 1
| #define SIZEOF_MPI_OFFSET 8
| #define SIZEOF_MPI_AINT 8
| #define ENABLE_CDF5 /**/
| #define ENABLE_REQ_AGGREGATION /**/
| #define HAVE_MPI_INFO_DUP 1
| #define HAVE_MPI_INFO_FREE 1
| #define HAVE_MPI_GET_ADDRESS 1
| #define HAVE_MPI_TYPE_CREATE_SUBARRAY 1
| #define HAVE_MPI_TYPE_CREATE_HVECTOR 1
| #define HAVE_MPI_TYPE_CREATE_HINDEXED 1
| #define HAVE_MPI_TYPE_CREATE_STRUCT 1
| #define HAVE_MPI_TYPE_CREATE_RESIZED 1
| #define HAVE_MPI_TYPE_GET_EXTENT 1
| #define HAVE_MPI_COMBINER_DUP 1
| #define HAVE_MPI_COMBINER_HVECTOR_INTEGER 1
| #define HAVE_MPI_COMBINER_HINDEXED_INTEGER 1
| #define HAVE_MPI_COMBINER_SUBARRAY 1
| #define HAVE_MPI_COMBINER_DARRAY 1
| #define HAVE_MPI_COMBINER_RESIZED 1
| #define HAVE_MPI_COMBINER_STRUCT_INTEGER 1
| #define HAVE_MPI_COMBINER_INDEXED_BLOCK 1
| #define HAVE_MPI_COMBINER_F90_REAL 1
| #define HAVE_MPI_COMBINER_F90_INTEGER 1
| #define HAVE_MPI_COMBINER_F90_COMPLEX 1
| #define HAVE_MPI_ERR_FILE_EXISTS 1
| #define HAVE_MPI_ERR_NO_SUCH_FILE 1
| #define HAVE_MPI_ERR_AMODE 1
| #define HAVE_MPI_ERR_NOT_SAME 1
| #define HAVE_MPI_ERR_BAD_FILE 1
| #define HAVE_MPI_ERR_READ_ONLY 1
| #define HAVE_MPI_ERR_ACCESS 1
| #define HAVE_MPI_ERR_NO_SPACE 1
| #define HAVE_MPI_ERR_QUOTA 1
| #define HAVE_MPI_CHAR 1
| #define HAVE_MPI_BYTE 1
| #define HAVE_MPI_SIGNED_CHAR 1
| #define HAVE_MPI_UNSIGNED_CHAR 1
| #define HAVE_MPI_SHORT 1
| #define HAVE_MPI_UNSIGNED_SHORT 1
| #define HAVE_MPI_INT 1
| #define HAVE_MPI_UNSIGNED 1
| #define HAVE_MPI_LONG 1
| #define HAVE_MPI_FLOAT 1
| #define HAVE_MPI_DOUBLE 1
| #define HAVE_MPI_LONG_LONG_INT 1
| #define HAVE_MPI_UNSIGNED_LONG_LONG 1
| #define HAVE_MPI_UB 1
| #define HAVE_MPI_LB 1
| #define HAVE_MPI_OFFSET_DATATYPE 1
| /* end confdefs.h.  */
| #include <stdio.h>
| #ifdef HAVE_SYS_TYPES_H
| # include <sys/types.h>
| #endif
| #ifdef HAVE_SYS_STAT_H
| # include <sys/stat.h>
| #endif
| #ifdef STDC_HEADERS
| # include <stdlib.h>
| # include <stddef.h>
| #else
| # ifdef HAVE_STDLIB_H
| #  include <stdlib.h>
| # endif
| #endif
| #ifdef HAVE_STRING_H
| # if !defined STDC_HEADERS && defined HAVE_MEMORY_H
| #  include <memory.h>
| # endif
| # include <string.h>
| #endif
| #ifdef HAVE_STRINGS_H
| # include <strings.h>
| #endif
| #ifdef HAVE_INTTYPES_H
| # include <inttypes.h>
| #endif
| #ifdef HAVE_STDINT_H
| # include <stdint.h>
| #endif
| #ifdef HAVE_UNISTD_H
| # include <unistd.h>
| #endif
| #ifdef FC_DUMMY_MAIN
| #ifndef FC_DUMMY_MAIN_EQ_F77
| #  ifdef __cplusplus
|      extern "C"
| #  endif
|    int FC_DUMMY_MAIN() { return 1; }
| #endif
| #endif
| int
| main ()
| {
| if (sizeof ((size_t)))
| 	    return 0;
|   ;
|   return 0;
| }
configure:11555: result: yes
configure:11566: checking for off_t
configure:11566: /usr/local/Cellar/mpich2/1.4.1/bin/mpicc -c -O3  conftest.c >&5
configure:11566: $? = 0
configure:11566: /usr/local/Cellar/mpich2/1.4.1/bin/mpicc -c -O3  conftest.c >&5
conftest.c(124): error: expected an expression
  if (sizeof ((off_t)))
                     ^

compilation aborted for conftest.c (code 2)
configure:11566: $? = 2
configure: failed program was:
| /* confdefs.h */
| #define PACKAGE_NAME "parallel-netcdf"
| #define PACKAGE_TARNAME "parallel-netcdf"
| #define PACKAGE_VERSION "1.7.0"
| #define PACKAGE_STRING "parallel-netcdf 1.7.0"
| #define PACKAGE_BUGREPORT "parallel-netcdf@mcs.anl.gov"
| #define PACKAGE_URL ""
| #define PNETCDF_VERSION_MAJOR 1
| #define PNETCDF_VERSION_MINOR 7
| #define PNETCDF_VERSION_SUB 0
| #define PNETCDF_VERSION_PRE 
| #define PNETCDF_VERSION "1.7.0"
| #define PNETCDF_RELEASE_DATE "03 Mar 2016"
| #define CONFIGURE_ARGS_CLEAN "--with-mpi=/usr/local/Cellar/mpich2/1.4.1/ --prefix=/Users/mac/Documents/Model/DGOM/thirdLibrary/install --disable-cxx --disable-fortran MPICC=/usr/local/Cellar/mpich2/1.4.1/bin/mpicc CC=/usr/local/Cellar/mpich2/1.4.1/bin/mpicc CFLAGS=-O3"
| #define STDC_HEADERS 1
| #define HAVE_SYS_TYPES_H 1
| #define HAVE_SYS_STAT_H 1
| #define HAVE_STDLIB_H 1
| #define HAVE_STRING_H 1
| #define HAVE_MEMORY_H 1
| #define HAVE_STRINGS_H 1
| #define HAVE_INTTYPES_H 1
| #define HAVE_STDINT_H 1
| #define HAVE_UNISTD_H 1
| #define HAVE__BOOL 1
| #define HAVE_STDBOOL_H 1
| #define HAVE_STRERROR 1
| #define HAVE_ACCESS 1
| #define HAVE_UNLINK 1
| #define SIZEOF_MPI_OFFSET 8
| #define SIZEOF_MPI_AINT 8
| #define ENABLE_CDF5 /**/
| #define ENABLE_REQ_AGGREGATION /**/
| #define HAVE_MPI_INFO_DUP 1
| #define HAVE_MPI_INFO_FREE 1
| #define HAVE_MPI_GET_ADDRESS 1
| #define HAVE_MPI_TYPE_CREATE_SUBARRAY 1
| #define HAVE_MPI_TYPE_CREATE_HVECTOR 1
| #define HAVE_MPI_TYPE_CREATE_HINDEXED 1
| #define HAVE_MPI_TYPE_CREATE_STRUCT 1
| #define HAVE_MPI_TYPE_CREATE_RESIZED 1
| #define HAVE_MPI_TYPE_GET_EXTENT 1
| #define HAVE_MPI_COMBINER_DUP 1
| #define HAVE_MPI_COMBINER_HVECTOR_INTEGER 1
| #define HAVE_MPI_COMBINER_HINDEXED_INTEGER 1
| #define HAVE_MPI_COMBINER_SUBARRAY 1
| #define HAVE_MPI_COMBINER_DARRAY 1
| #define HAVE_MPI_COMBINER_RESIZED 1
| #define HAVE_MPI_COMBINER_STRUCT_INTEGER 1
| #define HAVE_MPI_COMBINER_INDEXED_BLOCK 1
| #define HAVE_MPI_COMBINER_F90_REAL 1
| #define HAVE_MPI_COMBINER_F90_INTEGER 1
| #define HAVE_MPI_COMBINER_F90_COMPLEX 1
| #define HAVE_MPI_ERR_FILE_EXISTS 1
| #define HAVE_MPI_ERR_NO_SUCH_FILE 1
| #define HAVE_MPI_ERR_AMODE 1
| #define HAVE_MPI_ERR_NOT_SAME 1
| #define HAVE_MPI_ERR_BAD_FILE 1
| #define HAVE_MPI_ERR_READ_ONLY 1
| #define HAVE_MPI_ERR_ACCESS 1
| #define HAVE_MPI_ERR_NO_SPACE 1
| #define HAVE_MPI_ERR_QUOTA 1
| #define HAVE_MPI_CHAR 1
| #define HAVE_MPI_BYTE 1
| #define HAVE_MPI_SIGNED_CHAR 1
| #define HAVE_MPI_UNSIGNED_CHAR 1
| #define HAVE_MPI_SHORT 1
| #define HAVE_MPI_UNSIGNED_SHORT 1
| #define HAVE_MPI_INT 1
| #define HAVE_MPI_UNSIGNED 1
| #define HAVE_MPI_LONG 1
| #define HAVE_MPI_FLOAT 1
| #define HAVE_MPI_DOUBLE 1
| #define HAVE_MPI_LONG_LONG_INT 1
| #define HAVE_MPI_UNSIGNED_LONG_LONG 1
| #define HAVE_MPI_UB 1
| #define HAVE_MPI_LB 1
| #define HAVE_MPI_OFFSET_DATATYPE 1
| /* end confdefs.h.  */
| #include <stdio.h>
| #ifdef HAVE_SYS_TYPES_H
| # include <sys/types.h>
| #endif
| #ifdef HAVE_SYS_STAT_H
| # include <sys/stat.h>
| #endif
| #ifdef STDC_HEADERS
| # include <stdlib.h>
| # include <stddef.h>
| #else
| # ifdef HAVE_STDLIB_H
| #  include <stdlib.h>
| # endif
| #endif
| #ifdef HAVE_STRING_H
| # if !defined STDC_HEADERS && defined HAVE_MEMORY_H
| #  include <memory.h>
| # endif
| # include <string.h>
| #endif
| #ifdef HAVE_STRINGS_H
| # include <strings.h>
| #endif
| #ifdef HAVE_INTTYPES_H
| # include <inttypes.h>
| #endif
| #ifdef HAVE_STDINT_H
| # include <stdint.h>
| #endif
| #ifdef HAVE_UNISTD_H
| # include <unistd.h>
| #endif
| #ifdef FC_DUMMY_MAIN
| #ifndef FC_DUMMY_MAIN_EQ_F77
| #  ifdef __cplusplus
|      extern "C"
| #  endif
|    int FC_DUMMY_MAIN() { return 1; }
| #endif
| #endif
| int
| main ()
| {
| if (sizeof ((off_t)))
| 	    return 0;
|   ;
|   return 0;
| }
configure:11566: result: yes
configure:11577: checking for ssize_t
configure:11577: /usr/local/Cellar/mpich2/1.4.1/bin/mpicc -c -O3  conftest.c >&5
configure:11577: $? = 0
configure:11577: /usr/local/Cellar/mpich2/1.4.1/bin/mpicc -c -O3  conftest.c >&5
conftest.c(124): error: expected an expression
  if (sizeof ((ssize_t)))
                       ^

compilation aborted for conftest.c (code 2)
configure:11577: $? = 2
configure: failed program was:
| /* confdefs.h */
| #define PACKAGE_NAME "parallel-netcdf"
| #define PACKAGE_TARNAME "parallel-netcdf"
| #define PACKAGE_VERSION "1.7.0"
| #define PACKAGE_STRING "parallel-netcdf 1.7.0"
| #define PACKAGE_BUGREPORT "parallel-netcdf@mcs.anl.gov"
| #define PACKAGE_URL ""
| #define PNETCDF_VERSION_MAJOR 1
| #define PNETCDF_VERSION_MINOR 7
| #define PNETCDF_VERSION_SUB 0
| #define PNETCDF_VERSION_PRE 
| #define PNETCDF_VERSION "1.7.0"
| #define PNETCDF_RELEASE_DATE "03 Mar 2016"
| #define CONFIGURE_ARGS_CLEAN "--with-mpi=/usr/local/Cellar/mpich2/1.4.1/ --prefix=/Users/mac/Documents/Model/DGOM/thirdLibrary/install --disable-cxx --disable-fortran MPICC=/usr/local/Cellar/mpich2/1.4.1/bin/mpicc CC=/usr/local/Cellar/mpich2/1.4.1/bin/mpicc CFLAGS=-O3"
| #define STDC_HEADERS 1
| #define HAVE_SYS_TYPES_H 1
| #define HAVE_SYS_STAT_H 1
| #define HAVE_STDLIB_H 1
| #define HAVE_STRING_H 1
| #define HAVE_MEMORY_H 1
| #define HAVE_STRINGS_H 1
| #define HAVE_INTTYPES_H 1
| #define HAVE_STDINT_H 1
| #define HAVE_UNISTD_H 1
| #define HAVE__BOOL 1
| #define HAVE_STDBOOL_H 1
| #define HAVE_STRERROR 1
| #define HAVE_ACCESS 1
| #define HAVE_UNLINK 1
| #define SIZEOF_MPI_OFFSET 8
| #define SIZEOF_MPI_AINT 8
| #define ENABLE_CDF5 /**/
| #define ENABLE_REQ_AGGREGATION /**/
| #define HAVE_MPI_INFO_DUP 1
| #define HAVE_MPI_INFO_FREE 1
| #define HAVE_MPI_GET_ADDRESS 1
| #define HAVE_MPI_TYPE_CREATE_SUBARRAY 1
| #define HAVE_MPI_TYPE_CREATE_HVECTOR 1
| #define HAVE_MPI_TYPE_CREATE_HINDEXED 1
| #define HAVE_MPI_TYPE_CREATE_STRUCT 1
| #define HAVE_MPI_TYPE_CREATE_RESIZED 1
| #define HAVE_MPI_TYPE_GET_EXTENT 1
| #define HAVE_MPI_COMBINER_DUP 1
| #define HAVE_MPI_COMBINER_HVECTOR_INTEGER 1
| #define HAVE_MPI_COMBINER_HINDEXED_INTEGER 1
| #define HAVE_MPI_COMBINER_SUBARRAY 1
| #define HAVE_MPI_COMBINER_DARRAY 1
| #define HAVE_MPI_COMBINER_RESIZED 1
| #define HAVE_MPI_COMBINER_STRUCT_INTEGER 1
| #define HAVE_MPI_COMBINER_INDEXED_BLOCK 1
| #define HAVE_MPI_COMBINER_F90_REAL 1
| #define HAVE_MPI_COMBINER_F90_INTEGER 1
| #define HAVE_MPI_COMBINER_F90_COMPLEX 1
| #define HAVE_MPI_ERR_FILE_EXISTS 1
| #define HAVE_MPI_ERR_NO_SUCH_FILE 1
| #define HAVE_MPI_ERR_AMODE 1
| #define HAVE_MPI_ERR_NOT_SAME 1
| #define HAVE_MPI_ERR_BAD_FILE 1
| #define HAVE_MPI_ERR_READ_ONLY 1
| #define HAVE_MPI_ERR_ACCESS 1
| #define HAVE_MPI_ERR_NO_SPACE 1
| #define HAVE_MPI_ERR_QUOTA 1
| #define HAVE_MPI_CHAR 1
| #define HAVE_MPI_BYTE 1
| #define HAVE_MPI_SIGNED_CHAR 1
| #define HAVE_MPI_UNSIGNED_CHAR 1
| #define HAVE_MPI_SHORT 1
| #define HAVE_MPI_UNSIGNED_SHORT 1
| #define HAVE_MPI_INT 1
| #define HAVE_MPI_UNSIGNED 1
| #define HAVE_MPI_LONG 1
| #define HAVE_MPI_FLOAT 1
| #define HAVE_MPI_DOUBLE 1
| #define HAVE_MPI_LONG_LONG_INT 1
| #define HAVE_MPI_UNSIGNED_LONG_LONG 1
| #define HAVE_MPI_UB 1
| #define HAVE_MPI_LB 1
| #define HAVE_MPI_OFFSET_DATATYPE 1
| /* end confdefs.h.  */
| #include <stdio.h>
| #ifdef HAVE_SYS_TYPES_H
| # include <sys/types.h>
| #endif
| #ifdef HAVE_SYS_STAT_H
| # include <sys/stat.h>
| #endif
| #ifdef STDC_HEADERS
| # include <stdlib.h>
| # include <stddef.h>
| #else
| # ifdef HAVE_STDLIB_H
| #  include <stdlib.h>
| # endif
| #endif
| #ifdef HAVE_STRING_H
| # if !defined STDC_HEADERS && defined HAVE_MEMORY_H
| #  include <memory.h>
| # endif
| # include <string.h>
| #endif
| #ifdef HAVE_STRINGS_H
| # include <strings.h>
| #endif
| #ifdef HAVE_INTTYPES_H
| # include <inttypes.h>
| #endif
| #ifdef HAVE_STDINT_H
| # include <stdint.h>
| #endif
| #ifdef HAVE_UNISTD_H
| # include <unistd.h>
| #endif
| #ifdef FC_DUMMY_MAIN
| #ifndef FC_DUMMY_MAIN_EQ_F77
| #  ifdef __cplusplus
|      extern "C"
| #  endif
|    int FC_DUMMY_MAIN() { return 1; }
| #endif
| #endif
| int
| main ()
| {
| if (sizeof ((ssize_t)))
| 	    return 0;
|   ;
|   return 0;
| }
configure:11577: result: yes
configure:11586: checking for ptrdiff_t
configure:11586: /usr/local/Cellar/mpich2/1.4.1/bin/mpicc -c -O3  conftest.c >&5
configure:11586: $? = 0
configure:11586: /usr/local/Cellar/mpich2/1.4.1/bin/mpicc -c -O3  conftest.c >&5
conftest.c(125): error: expected an expression
  if (sizeof ((ptrdiff_t)))
                         ^

compilation aborted for conftest.c (code 2)
configure:11586: $? = 2
configure: failed program was:
| /* confdefs.h */
| #define PACKAGE_NAME "parallel-netcdf"
| #define PACKAGE_TARNAME "parallel-netcdf"
| #define PACKAGE_VERSION "1.7.0"
| #define PACKAGE_STRING "parallel-netcdf 1.7.0"
| #define PACKAGE_BUGREPORT "parallel-netcdf@mcs.anl.gov"
| #define PACKAGE_URL ""
| #define PNETCDF_VERSION_MAJOR 1
| #define PNETCDF_VERSION_MINOR 7
| #define PNETCDF_VERSION_SUB 0
| #define PNETCDF_VERSION_PRE 
| #define PNETCDF_VERSION "1.7.0"
| #define PNETCDF_RELEASE_DATE "03 Mar 2016"
| #define CONFIGURE_ARGS_CLEAN "--with-mpi=/usr/local/Cellar/mpich2/1.4.1/ --prefix=/Users/mac/Documents/Model/DGOM/thirdLibrary/install --disable-cxx --disable-fortran MPICC=/usr/local/Cellar/mpich2/1.4.1/bin/mpicc CC=/usr/local/Cellar/mpich2/1.4.1/bin/mpicc CFLAGS=-O3"
| #define STDC_HEADERS 1
| #define HAVE_SYS_TYPES_H 1
| #define HAVE_SYS_STAT_H 1
| #define HAVE_STDLIB_H 1
| #define HAVE_STRING_H 1
| #define HAVE_MEMORY_H 1
| #define HAVE_STRINGS_H 1
| #define HAVE_INTTYPES_H 1
| #define HAVE_STDINT_H 1
| #define HAVE_UNISTD_H 1
| #define HAVE__BOOL 1
| #define HAVE_STDBOOL_H 1
| #define HAVE_STRERROR 1
| #define HAVE_ACCESS 1
| #define HAVE_UNLINK 1
| #define SIZEOF_MPI_OFFSET 8
| #define SIZEOF_MPI_AINT 8
| #define ENABLE_CDF5 /**/
| #define ENABLE_REQ_AGGREGATION /**/
| #define HAVE_MPI_INFO_DUP 1
| #define HAVE_MPI_INFO_FREE 1
| #define HAVE_MPI_GET_ADDRESS 1
| #define HAVE_MPI_TYPE_CREATE_SUBARRAY 1
| #define HAVE_MPI_TYPE_CREATE_HVECTOR 1
| #define HAVE_MPI_TYPE_CREATE_HINDEXED 1
| #define HAVE_MPI_TYPE_CREATE_STRUCT 1
| #define HAVE_MPI_TYPE_CREATE_RESIZED 1
| #define HAVE_MPI_TYPE_GET_EXTENT 1
| #define HAVE_MPI_COMBINER_DUP 1
| #define HAVE_MPI_COMBINER_HVECTOR_INTEGER 1
| #define HAVE_MPI_COMBINER_HINDEXED_INTEGER 1
| #define HAVE_MPI_COMBINER_SUBARRAY 1
| #define HAVE_MPI_COMBINER_DARRAY 1
| #define HAVE_MPI_COMBINER_RESIZED 1
| #define HAVE_MPI_COMBINER_STRUCT_INTEGER 1
| #define HAVE_MPI_COMBINER_INDEXED_BLOCK 1
| #define HAVE_MPI_COMBINER_F90_REAL 1
| #define HAVE_MPI_COMBINER_F90_INTEGER 1
| #define HAVE_MPI_COMBINER_F90_COMPLEX 1
| #define HAVE_MPI_ERR_FILE_EXISTS 1
| #define HAVE_MPI_ERR_NO_SUCH_FILE 1
| #define HAVE_MPI_ERR_AMODE 1
| #define HAVE_MPI_ERR_NOT_SAME 1
| #define HAVE_MPI_ERR_BAD_FILE 1
| #define HAVE_MPI_ERR_READ_ONLY 1
| #define HAVE_MPI_ERR_ACCESS 1
| #define HAVE_MPI_ERR_NO_SPACE 1
| #define HAVE_MPI_ERR_QUOTA 1
| #define HAVE_MPI_CHAR 1
| #define HAVE_MPI_BYTE 1
| #define HAVE_MPI_SIGNED_CHAR 1
| #define HAVE_MPI_UNSIGNED_CHAR 1
| #define HAVE_MPI_SHORT 1
| #define HAVE_MPI_UNSIGNED_SHORT 1
| #define HAVE_MPI_INT 1
| #define HAVE_MPI_UNSIGNED 1
| #define HAVE_MPI_LONG 1
| #define HAVE_MPI_FLOAT 1
| #define HAVE_MPI_DOUBLE 1
| #define HAVE_MPI_LONG_LONG_INT 1
| #define HAVE_MPI_UNSIGNED_LONG_LONG 1
| #define HAVE_MPI_UB 1
| #define HAVE_MPI_LB 1
| #define HAVE_MPI_OFFSET_DATATYPE 1
| #define HAVE_SSIZE_T 1
| /* end confdefs.h.  */
| #include <stdio.h>
| #ifdef HAVE_SYS_TYPES_H
| # include <sys/types.h>
| #endif
| #ifdef HAVE_SYS_STAT_H
| # include <sys/stat.h>
| #endif
| #ifdef STDC_HEADERS
| # include <stdlib.h>
| # include <stddef.h>
| #else
| # ifdef HAVE_STDLIB_H
| #  include <stdlib.h>
| # endif
| #endif
| #ifdef HAVE_STRING_H
| # if !defined STDC_HEADERS && defined HAVE_MEMORY_H
| #  include <memory.h>
| # endif
| # include <string.h>
| #endif
| #ifdef HAVE_STRINGS_H
| # include <strings.h>
| #endif
| #ifdef HAVE_INTTYPES_H
| # include <inttypes.h>
| #endif
| #ifdef HAVE_STDINT_H
| # include <stdint.h>
| #endif
| #ifdef HAVE_UNISTD_H
| # include <unistd.h>
| #endif
| #ifdef FC_DUMMY_MAIN
| #ifndef FC_DUMMY_MAIN_EQ_F77
| #  ifdef __cplusplus
|      extern "C"
| #  endif
|    int FC_DUMMY_MAIN() { return 1; }
| #endif
| #endif
| int
| main ()
| {
| if (sizeof ((ptrdiff_t)))
| 	    return 0;
|   ;
|   return 0;
| }
configure:11586: result: yes
configure:11595: checking for uchar
configure:11595: /usr/local/Cellar/mpich2/1.4.1/bin/mpicc -c -O3  conftest.c >&5
conftest.c(126): error: identifier "uchar" is undefined
  if (sizeof (uchar))
              ^

compilation aborted for conftest.c (code 2)
configure:11595: $? = 2
configure: failed program was:
| /* confdefs.h */
| #define PACKAGE_NAME "parallel-netcdf"
| #define PACKAGE_TARNAME "parallel-netcdf"
| #define PACKAGE_VERSION "1.7.0"
| #define PACKAGE_STRING "parallel-netcdf 1.7.0"
| #define PACKAGE_BUGREPORT "parallel-netcdf@mcs.anl.gov"
| #define PACKAGE_URL ""
| #define PNETCDF_VERSION_MAJOR 1
| #define PNETCDF_VERSION_MINOR 7
| #define PNETCDF_VERSION_SUB 0
| #define PNETCDF_VERSION_PRE 
| #define PNETCDF_VERSION "1.7.0"
| #define PNETCDF_RELEASE_DATE "03 Mar 2016"
| #define CONFIGURE_ARGS_CLEAN "--with-mpi=/usr/local/Cellar/mpich2/1.4.1/ --prefix=/Users/mac/Documents/Model/DGOM/thirdLibrary/install --disable-cxx --disable-fortran MPICC=/usr/local/Cellar/mpich2/1.4.1/bin/mpicc CC=/usr/local/Cellar/mpich2/1.4.1/bin/mpicc CFLAGS=-O3"
| #define STDC_HEADERS 1
| #define HAVE_SYS_TYPES_H 1
| #define HAVE_SYS_STAT_H 1
| #define HAVE_STDLIB_H 1
| #define HAVE_STRING_H 1
| #define HAVE_MEMORY_H 1
| #define HAVE_STRINGS_H 1
| #define HAVE_INTTYPES_H 1
| #define HAVE_STDINT_H 1
| #define HAVE_UNISTD_H 1
| #define HAVE__BOOL 1
| #define HAVE_STDBOOL_H 1
| #define HAVE_STRERROR 1
| #define HAVE_ACCESS 1
| #define HAVE_UNLINK 1
| #define SIZEOF_MPI_OFFSET 8
| #define SIZEOF_MPI_AINT 8
| #define ENABLE_CDF5 /**/
| #define ENABLE_REQ_AGGREGATION /**/
| #define HAVE_MPI_INFO_DUP 1
| #define HAVE_MPI_INFO_FREE 1
| #define HAVE_MPI_GET_ADDRESS 1
| #define HAVE_MPI_TYPE_CREATE_SUBARRAY 1
| #define HAVE_MPI_TYPE_CREATE_HVECTOR 1
| #define HAVE_MPI_TYPE_CREATE_HINDEXED 1
| #define HAVE_MPI_TYPE_CREATE_STRUCT 1
| #define HAVE_MPI_TYPE_CREATE_RESIZED 1
| #define HAVE_MPI_TYPE_GET_EXTENT 1
| #define HAVE_MPI_COMBINER_DUP 1
| #define HAVE_MPI_COMBINER_HVECTOR_INTEGER 1
| #define HAVE_MPI_COMBINER_HINDEXED_INTEGER 1
| #define HAVE_MPI_COMBINER_SUBARRAY 1
| #define HAVE_MPI_COMBINER_DARRAY 1
| #define HAVE_MPI_COMBINER_RESIZED 1
| #define HAVE_MPI_COMBINER_STRUCT_INTEGER 1
| #define HAVE_MPI_COMBINER_INDEXED_BLOCK 1
| #define HAVE_MPI_COMBINER_F90_REAL 1
| #define HAVE_MPI_COMBINER_F90_INTEGER 1
| #define HAVE_MPI_COMBINER_F90_COMPLEX 1
| #define HAVE_MPI_ERR_FILE_EXISTS 1
| #define HAVE_MPI_ERR_NO_SUCH_FILE 1
| #define HAVE_MPI_ERR_AMODE 1
| #define HAVE_MPI_ERR_NOT_SAME 1
| #define HAVE_MPI_ERR_BAD_FILE 1
| #define HAVE_MPI_ERR_READ_ONLY 1
| #define HAVE_MPI_ERR_ACCESS 1
| #define HAVE_MPI_ERR_NO_SPACE 1
| #define HAVE_MPI_ERR_QUOTA 1
| #define HAVE_MPI_CHAR 1
| #define HAVE_MPI_BYTE 1
| #define HAVE_MPI_SIGNED_CHAR 1
| #define HAVE_MPI_UNSIGNED_CHAR 1
| #define HAVE_MPI_SHORT 1
| #define HAVE_MPI_UNSIGNED_SHORT 1
| #define HAVE_MPI_INT 1
| #define HAVE_MPI_UNSIGNED 1
| #define HAVE_MPI_LONG 1
| #define HAVE_MPI_FLOAT 1
| #define HAVE_MPI_DOUBLE 1
| #define HAVE_MPI_LONG_LONG_INT 1
| #define HAVE_MPI_UNSIGNED_LONG_LONG 1
| #define HAVE_MPI_UB 1
| #define HAVE_MPI_LB 1
| #define HAVE_MPI_OFFSET_DATATYPE 1
| #define HAVE_SSIZE_T 1
| #define HAVE_PTRDIFF_T 1
| /* end confdefs.h.  */
| #include <stdio.h>
| #ifdef HAVE_SYS_TYPES_H
| # include <sys/types.h>
| #endif
| #ifdef HAVE_SYS_STAT_H
| # include <sys/stat.h>
| #endif
| #ifdef STDC_HEADERS
| # include <stdlib.h>
| # include <stddef.h>
| #else
| # ifdef HAVE_STDLIB_H
| #  include <stdlib.h>
| # endif
| #endif
| #ifdef HAVE_STRING_H
| # if !defined STDC_HEADERS && defined HAVE_MEMORY_H
| #  include <memory.h>
| # endif
| # include <string.h>
| #endif
| #ifdef HAVE_STRINGS_H
| # include <strings.h>
| #endif
| #ifdef HAVE_INTTYPES_H
| # include <inttypes.h>
| #endif
| #ifdef HAVE_STDINT_H
| # include <stdint.h>
| #endif
| #ifdef HAVE_UNISTD_H
| # include <unistd.h>
| #endif
| #ifdef FC_DUMMY_MAIN
| #ifndef FC_DUMMY_MAIN_EQ_F77
| #  ifdef __cplusplus
|      extern "C"
| #  endif
|    int FC_DUMMY_MAIN() { return 1; }
| #endif
| #endif
| int
| main ()
| {
| if (sizeof (uchar))
| 	 return 0;
|   ;
|   return 0;
| }
configure:11595: result: no
configure:11604: checking for ushort
configure:11604: /usr/local/Cellar/mpich2/1.4.1/bin/mpicc -c -O3  conftest.c >&5
configure:11604: $? = 0
configure:11604: /usr/local/Cellar/mpich2/1.4.1/bin/mpicc -c -O3  conftest.c >&5
conftest.c(126): error: expected an expression
  if (sizeof ((ushort)))
                      ^

compilation aborted for conftest.c (code 2)
configure:11604: $? = 2
configure: failed program was:
| /* confdefs.h */
| #define PACKAGE_NAME "parallel-netcdf"
| #define PACKAGE_TARNAME "parallel-netcdf"
| #define PACKAGE_VERSION "1.7.0"
| #define PACKAGE_STRING "parallel-netcdf 1.7.0"
| #define PACKAGE_BUGREPORT "parallel-netcdf@mcs.anl.gov"
| #define PACKAGE_URL ""
| #define PNETCDF_VERSION_MAJOR 1
| #define PNETCDF_VERSION_MINOR 7
| #define PNETCDF_VERSION_SUB 0
| #define PNETCDF_VERSION_PRE 
| #define PNETCDF_VERSION "1.7.0"
| #define PNETCDF_RELEASE_DATE "03 Mar 2016"
| #define CONFIGURE_ARGS_CLEAN "--with-mpi=/usr/local/Cellar/mpich2/1.4.1/ --prefix=/Users/mac/Documents/Model/DGOM/thirdLibrary/install --disable-cxx --disable-fortran MPICC=/usr/local/Cellar/mpich2/1.4.1/bin/mpicc CC=/usr/local/Cellar/mpich2/1.4.1/bin/mpicc CFLAGS=-O3"
| #define STDC_HEADERS 1
| #define HAVE_SYS_TYPES_H 1
| #define HAVE_SYS_STAT_H 1
| #define HAVE_STDLIB_H 1
| #define HAVE_STRING_H 1
| #define HAVE_MEMORY_H 1
| #define HAVE_STRINGS_H 1
| #define HAVE_INTTYPES_H 1
| #define HAVE_STDINT_H 1
| #define HAVE_UNISTD_H 1
| #define HAVE__BOOL 1
| #define HAVE_STDBOOL_H 1
| #define HAVE_STRERROR 1
| #define HAVE_ACCESS 1
| #define HAVE_UNLINK 1
| #define SIZEOF_MPI_OFFSET 8
| #define SIZEOF_MPI_AINT 8
| #define ENABLE_CDF5 /**/
| #define ENABLE_REQ_AGGREGATION /**/
| #define HAVE_MPI_INFO_DUP 1
| #define HAVE_MPI_INFO_FREE 1
| #define HAVE_MPI_GET_ADDRESS 1
| #define HAVE_MPI_TYPE_CREATE_SUBARRAY 1
| #define HAVE_MPI_TYPE_CREATE_HVECTOR 1
| #define HAVE_MPI_TYPE_CREATE_HINDEXED 1
| #define HAVE_MPI_TYPE_CREATE_STRUCT 1
| #define HAVE_MPI_TYPE_CREATE_RESIZED 1
| #define HAVE_MPI_TYPE_GET_EXTENT 1
| #define HAVE_MPI_COMBINER_DUP 1
| #define HAVE_MPI_COMBINER_HVECTOR_INTEGER 1
| #define HAVE_MPI_COMBINER_HINDEXED_INTEGER 1
| #define HAVE_MPI_COMBINER_SUBARRAY 1
| #define HAVE_MPI_COMBINER_DARRAY 1
| #define HAVE_MPI_COMBINER_RESIZED 1
| #define HAVE_MPI_COMBINER_STRUCT_INTEGER 1
| #define HAVE_MPI_COMBINER_INDEXED_BLOCK 1
| #define HAVE_MPI_COMBINER_F90_REAL 1
| #define HAVE_MPI_COMBINER_F90_INTEGER 1
| #define HAVE_MPI_COMBINER_F90_COMPLEX 1
| #define HAVE_MPI_ERR_FILE_EXISTS 1
| #define HAVE_MPI_ERR_NO_SUCH_FILE 1
| #define HAVE_MPI_ERR_AMODE 1
| #define HAVE_MPI_ERR_NOT_SAME 1
| #define HAVE_MPI_ERR_BAD_FILE 1
| #define HAVE_MPI_ERR_READ_ONLY 1
| #define HAVE_MPI_ERR_ACCESS 1
| #define HAVE_MPI_ERR_NO_SPACE 1
| #define HAVE_MPI_ERR_QUOTA 1
| #define HAVE_MPI_CHAR 1
| #define HAVE_MPI_BYTE 1
| #define HAVE_MPI_SIGNED_CHAR 1
| #define HAVE_MPI_UNSIGNED_CHAR 1
| #define HAVE_MPI_SHORT 1
| #define HAVE_MPI_UNSIGNED_SHORT 1
| #define HAVE_MPI_INT 1
| #define HAVE_MPI_UNSIGNED 1
| #define HAVE_MPI_LONG 1
| #define HAVE_MPI_FLOAT 1
| #define HAVE_MPI_DOUBLE 1
| #define HAVE_MPI_LONG_LONG_INT 1
| #define HAVE_MPI_UNSIGNED_LONG_LONG 1
| #define HAVE_MPI_UB 1
| #define HAVE_MPI_LB 1
| #define HAVE_MPI_OFFSET_DATATYPE 1
| #define HAVE_SSIZE_T 1
| #define HAVE_PTRDIFF_T 1
| /* end confdefs.h.  */
| #include <stdio.h>
| #ifdef HAVE_SYS_TYPES_H
| # include <sys/types.h>
| #endif
| #ifdef HAVE_SYS_STAT_H
| # include <sys/stat.h>
| #endif
| #ifdef STDC_HEADERS
| # include <stdlib.h>
| # include <stddef.h>
| #else
| # ifdef HAVE_STDLIB_H
| #  include <stdlib.h>
| # endif
| #endif
| #ifdef HAVE_STRING_H
| # if !defined STDC_HEADERS && defined HAVE_MEMORY_H
| #  include <memory.h>
| # endif
| # include <string.h>
| #endif
| #ifdef HAVE_STRINGS_H
| # include <strings.h>
| #endif
| #ifdef HAVE_INTTYPES_H
| # include <inttypes.h>
| #endif
| #ifdef HAVE_STDINT_H
| # include <stdint.h>
| #endif
| #ifdef HAVE_UNISTD_H
| # include <unistd.h>
| #endif
| #ifdef FC_DUMMY_MAIN
| #ifndef FC_DUMMY_MAIN_EQ_F77
| #  ifdef __cplusplus
|      extern "C"
| #  endif
|    int FC_DUMMY_MAIN() { return 1; }
| #endif
| #endif
| int
| main ()
| {
| if (sizeof ((ushort)))
| 	    return 0;
|   ;
|   return 0;
| }
configure:11604: result: yes
configure:11613: checking for uint
configure:11613: /usr/local/Cellar/mpich2/1.4.1/bin/mpicc -c -O3  conftest.c >&5
configure:11613: $? = 0
configure:11613: /usr/local/Cellar/mpich2/1.4.1/bin/mpicc -c -O3  conftest.c >&5
conftest.c(127): error: expected an expression
  if (sizeof ((uint)))
                    ^

compilation aborted for conftest.c (code 2)
configure:11613: $? = 2
configure: failed program was:
| /* confdefs.h */
| #define PACKAGE_NAME "parallel-netcdf"
| #define PACKAGE_TARNAME "parallel-netcdf"
| #define PACKAGE_VERSION "1.7.0"
| #define PACKAGE_STRING "parallel-netcdf 1.7.0"
| #define PACKAGE_BUGREPORT "parallel-netcdf@mcs.anl.gov"
| #define PACKAGE_URL ""
| #define PNETCDF_VERSION_MAJOR 1
| #define PNETCDF_VERSION_MINOR 7
| #define PNETCDF_VERSION_SUB 0
| #define PNETCDF_VERSION_PRE 
| #define PNETCDF_VERSION "1.7.0"
| #define PNETCDF_RELEASE_DATE "03 Mar 2016"
| #define CONFIGURE_ARGS_CLEAN "--with-mpi=/usr/local/Cellar/mpich2/1.4.1/ --prefix=/Users/mac/Documents/Model/DGOM/thirdLibrary/install --disable-cxx --disable-fortran MPICC=/usr/local/Cellar/mpich2/1.4.1/bin/mpicc CC=/usr/local/Cellar/mpich2/1.4.1/bin/mpicc CFLAGS=-O3"
| #define STDC_HEADERS 1
| #define HAVE_SYS_TYPES_H 1
| #define HAVE_SYS_STAT_H 1
| #define HAVE_STDLIB_H 1
| #define HAVE_STRING_H 1
| #define HAVE_MEMORY_H 1
| #define HAVE_STRINGS_H 1
| #define HAVE_INTTYPES_H 1
| #define HAVE_STDINT_H 1
| #define HAVE_UNISTD_H 1
| #define HAVE__BOOL 1
| #define HAVE_STDBOOL_H 1
| #define HAVE_STRERROR 1
| #define HAVE_ACCESS 1
| #define HAVE_UNLINK 1
| #define SIZEOF_MPI_OFFSET 8
| #define SIZEOF_MPI_AINT 8
| #define ENABLE_CDF5 /**/
| #define ENABLE_REQ_AGGREGATION /**/
| #define HAVE_MPI_INFO_DUP 1
| #define HAVE_MPI_INFO_FREE 1
| #define HAVE_MPI_GET_ADDRESS 1
| #define HAVE_MPI_TYPE_CREATE_SUBARRAY 1
| #define HAVE_MPI_TYPE_CREATE_HVECTOR 1
| #define HAVE_MPI_TYPE_CREATE_HINDEXED 1
| #define HAVE_MPI_TYPE_CREATE_STRUCT 1
| #define HAVE_MPI_TYPE_CREATE_RESIZED 1
| #define HAVE_MPI_TYPE_GET_EXTENT 1
| #define HAVE_MPI_COMBINER_DUP 1
| #define HAVE_MPI_COMBINER_HVECTOR_INTEGER 1
| #define HAVE_MPI_COMBINER_HINDEXED_INTEGER 1
| #define HAVE_MPI_COMBINER_SUBARRAY 1
| #define HAVE_MPI_COMBINER_DARRAY 1
| #define HAVE_MPI_COMBINER_RESIZED 1
| #define HAVE_MPI_COMBINER_STRUCT_INTEGER 1
| #define HAVE_MPI_COMBINER_INDEXED_BLOCK 1
| #define HAVE_MPI_COMBINER_F90_REAL 1
| #define HAVE_MPI_COMBINER_F90_INTEGER 1
| #define HAVE_MPI_COMBINER_F90_COMPLEX 1
| #define HAVE_MPI_ERR_FILE_EXISTS 1
| #define HAVE_MPI_ERR_NO_SUCH_FILE 1
| #define HAVE_MPI_ERR_AMODE 1
| #define HAVE_MPI_ERR_NOT_SAME 1
| #define HAVE_MPI_ERR_BAD_FILE 1
| #define HAVE_MPI_ERR_READ_ONLY 1
| #define HAVE_MPI_ERR_ACCESS 1
| #define HAVE_MPI_ERR_NO_SPACE 1
| #define HAVE_MPI_ERR_QUOTA 1
| #define HAVE_MPI_CHAR 1
| #define HAVE_MPI_BYTE 1
| #define HAVE_MPI_SIGNED_CHAR 1
| #define HAVE_MPI_UNSIGNED_CHAR 1
| #define HAVE_MPI_SHORT 1
| #define HAVE_MPI_UNSIGNED_SHORT 1
| #define HAVE_MPI_INT 1
| #define HAVE_MPI_UNSIGNED 1
| #define HAVE_MPI_LONG 1
| #define HAVE_MPI_FLOAT 1
| #define HAVE_MPI_DOUBLE 1
| #define HAVE_MPI_LONG_LONG_INT 1
| #define HAVE_MPI_UNSIGNED_LONG_LONG 1
| #define HAVE_MPI_UB 1
| #define HAVE_MPI_LB 1
| #define HAVE_MPI_OFFSET_DATATYPE 1
| #define HAVE_SSIZE_T 1
| #define HAVE_PTRDIFF_T 1
| #define HAVE_USHORT 1
| /* end confdefs.h.  */
| #include <stdio.h>
| #ifdef HAVE_SYS_TYPES_H
| # include <sys/types.h>
| #endif
| #ifdef HAVE_SYS_STAT_H
| # include <sys/stat.h>
| #endif
| #ifdef STDC_HEADERS
| # include <stdlib.h>
| # include <stddef.h>
| #else
| # ifdef HAVE_STDLIB_H
| #  include <stdlib.h>
| # endif
| #endif
| #ifdef HAVE_STRING_H
| # if !defined STDC_HEADERS && defined HAVE_MEMORY_H
| #  include <memory.h>
| # endif
| # include <string.h>
| #endif
| #ifdef HAVE_STRINGS_H
| # include <strings.h>
| #endif
| #ifdef HAVE_INTTYPES_H
| # include <inttypes.h>
| #endif
| #ifdef HAVE_STDINT_H
| # include <stdint.h>
| #endif
| #ifdef HAVE_UNISTD_H
| # include <unistd.h>
| #endif
| #ifdef FC_DUMMY_MAIN
| #ifndef FC_DUMMY_MAIN_EQ_F77
| #  ifdef __cplusplus
|      extern "C"
| #  endif
|    int FC_DUMMY_MAIN() { return 1; }
| #endif
| #endif
| int
| main ()
| {
| if (sizeof ((uint)))
| 	    return 0;
|   ;
|   return 0;
| }
configure:11613: result: yes
configure:11622: checking for longlong
configure:11622: /usr/local/Cellar/mpich2/1.4.1/bin/mpicc -c -O3  conftest.c >&5
conftest.c(128): error: identifier "longlong" is undefined
  if (sizeof (longlong))
              ^

compilation aborted for conftest.c (code 2)
configure:11622: $? = 2
configure: failed program was:
| /* confdefs.h */
| #define PACKAGE_NAME "parallel-netcdf"
| #define PACKAGE_TARNAME "parallel-netcdf"
| #define PACKAGE_VERSION "1.7.0"
| #define PACKAGE_STRING "parallel-netcdf 1.7.0"
| #define PACKAGE_BUGREPORT "parallel-netcdf@mcs.anl.gov"
| #define PACKAGE_URL ""
| #define PNETCDF_VERSION_MAJOR 1
| #define PNETCDF_VERSION_MINOR 7
| #define PNETCDF_VERSION_SUB 0
| #define PNETCDF_VERSION_PRE 
| #define PNETCDF_VERSION "1.7.0"
| #define PNETCDF_RELEASE_DATE "03 Mar 2016"
| #define CONFIGURE_ARGS_CLEAN "--with-mpi=/usr/local/Cellar/mpich2/1.4.1/ --prefix=/Users/mac/Documents/Model/DGOM/thirdLibrary/install --disable-cxx --disable-fortran MPICC=/usr/local/Cellar/mpich2/1.4.1/bin/mpicc CC=/usr/local/Cellar/mpich2/1.4.1/bin/mpicc CFLAGS=-O3"
| #define STDC_HEADERS 1
| #define HAVE_SYS_TYPES_H 1
| #define HAVE_SYS_STAT_H 1
| #define HAVE_STDLIB_H 1
| #define HAVE_STRING_H 1
| #define HAVE_MEMORY_H 1
| #define HAVE_STRINGS_H 1
| #define HAVE_INTTYPES_H 1
| #define HAVE_STDINT_H 1
| #define HAVE_UNISTD_H 1
| #define HAVE__BOOL 1
| #define HAVE_STDBOOL_H 1
| #define HAVE_STRERROR 1
| #define HAVE_ACCESS 1
| #define HAVE_UNLINK 1
| #define SIZEOF_MPI_OFFSET 8
| #define SIZEOF_MPI_AINT 8
| #define ENABLE_CDF5 /**/
| #define ENABLE_REQ_AGGREGATION /**/
| #define HAVE_MPI_INFO_DUP 1
| #define HAVE_MPI_INFO_FREE 1
| #define HAVE_MPI_GET_ADDRESS 1
| #define HAVE_MPI_TYPE_CREATE_SUBARRAY 1
| #define HAVE_MPI_TYPE_CREATE_HVECTOR 1
| #define HAVE_MPI_TYPE_CREATE_HINDEXED 1
| #define HAVE_MPI_TYPE_CREATE_STRUCT 1
| #define HAVE_MPI_TYPE_CREATE_RESIZED 1
| #define HAVE_MPI_TYPE_GET_EXTENT 1
| #define HAVE_MPI_COMBINER_DUP 1
| #define HAVE_MPI_COMBINER_HVECTOR_INTEGER 1
| #define HAVE_MPI_COMBINER_HINDEXED_INTEGER 1
| #define HAVE_MPI_COMBINER_SUBARRAY 1
| #define HAVE_MPI_COMBINER_DARRAY 1
| #define HAVE_MPI_COMBINER_RESIZED 1
| #define HAVE_MPI_COMBINER_STRUCT_INTEGER 1
| #define HAVE_MPI_COMBINER_INDEXED_BLOCK 1
| #define HAVE_MPI_COMBINER_F90_REAL 1
| #define HAVE_MPI_COMBINER_F90_INTEGER 1
| #define HAVE_MPI_COMBINER_F90_COMPLEX 1
| #define HAVE_MPI_ERR_FILE_EXISTS 1
| #define HAVE_MPI_ERR_NO_SUCH_FILE 1
| #define HAVE_MPI_ERR_AMODE 1
| #define HAVE_MPI_ERR_NOT_SAME 1
| #define HAVE_MPI_ERR_BAD_FILE 1
| #define HAVE_MPI_ERR_READ_ONLY 1
| #define HAVE_MPI_ERR_ACCESS 1
| #define HAVE_MPI_ERR_NO_SPACE 1
| #define HAVE_MPI_ERR_QUOTA 1
| #define HAVE_MPI_CHAR 1
| #define HAVE_MPI_BYTE 1
| #define HAVE_MPI_SIGNED_CHAR 1
| #define HAVE_MPI_UNSIGNED_CHAR 1
| #define HAVE_MPI_SHORT 1
| #define HAVE_MPI_UNSIGNED_SHORT 1
| #define HAVE_MPI_INT 1
| #define HAVE_MPI_UNSIGNED 1
| #define HAVE_MPI_LONG 1
| #define HAVE_MPI_FLOAT 1
| #define HAVE_MPI_DOUBLE 1
| #define HAVE_MPI_LONG_LONG_INT 1
| #define HAVE_MPI_UNSIGNED_LONG_LONG 1
| #define HAVE_MPI_UB 1
| #define HAVE_MPI_LB 1
| #define HAVE_MPI_OFFSET_DATATYPE 1
| #define HAVE_SSIZE_T 1
| #define HAVE_PTRDIFF_T 1
| #define HAVE_USHORT 1
| #define HAVE_UINT 1
| /* end confdefs.h.  */
| #include <stdio.h>
| #ifdef HAVE_SYS_TYPES_H
| # include <sys/types.h>
| #endif
| #ifdef HAVE_SYS_STAT_H
| # include <sys/stat.h>
| #endif
| #ifdef STDC_HEADERS
| # include <stdlib.h>
| # include <stddef.h>
| #else
| # ifdef HAVE_STDLIB_H
| #  include <stdlib.h>
| # endif
| #endif
| #ifdef HAVE_STRING_H
| # if !defined STDC_HEADERS && defined HAVE_MEMORY_H
| #  include <memory.h>
| # endif
| # include <string.h>
| #endif
| #ifdef HAVE_STRINGS_H
| # include <strings.h>
| #endif
| #ifdef HAVE_INTTYPES_H
| # include <inttypes.h>
| #endif
| #ifdef HAVE_STDINT_H
| # include <stdint.h>
| #endif
| #ifdef HAVE_UNISTD_H
| # include <unistd.h>
| #endif
| #ifdef FC_DUMMY_MAIN
| #ifndef FC_DUMMY_MAIN_EQ_F77
| #  ifdef __cplusplus
|      extern "C"
| #  endif
|    int FC_DUMMY_MAIN() { return 1; }
| #endif
| #endif
| int
| main ()
| {
| if (sizeof (longlong))
| 	 return 0;
|   ;
|   return 0;
| }
configure:11622: result: no
configure:11631: checking for ulonglong
configure:11631: /usr/local/Cellar/mpich2/1.4.1/bin/mpicc -c -O3  conftest.c >&5
conftest.c(128): error: identifier "ulonglong" is undefined
  if (sizeof (ulonglong))
              ^

compilation aborted for conftest.c (code 2)
configure:11631: $? = 2
configure: failed program was:
| /* confdefs.h */
| #define PACKAGE_NAME "parallel-netcdf"
| #define PACKAGE_TARNAME "parallel-netcdf"
| #define PACKAGE_VERSION "1.7.0"
| #define PACKAGE_STRING "parallel-netcdf 1.7.0"
| #define PACKAGE_BUGREPORT "parallel-netcdf@mcs.anl.gov"
| #define PACKAGE_URL ""
| #define PNETCDF_VERSION_MAJOR 1
| #define PNETCDF_VERSION_MINOR 7
| #define PNETCDF_VERSION_SUB 0
| #define PNETCDF_VERSION_PRE 
| #define PNETCDF_VERSION "1.7.0"
| #define PNETCDF_RELEASE_DATE "03 Mar 2016"
| #define CONFIGURE_ARGS_CLEAN "--with-mpi=/usr/local/Cellar/mpich2/1.4.1/ --prefix=/Users/mac/Documents/Model/DGOM/thirdLibrary/install --disable-cxx --disable-fortran MPICC=/usr/local/Cellar/mpich2/1.4.1/bin/mpicc CC=/usr/local/Cellar/mpich2/1.4.1/bin/mpicc CFLAGS=-O3"
| #define STDC_HEADERS 1
| #define HAVE_SYS_TYPES_H 1
| #define HAVE_SYS_STAT_H 1
| #define HAVE_STDLIB_H 1
| #define HAVE_STRING_H 1
| #define HAVE_MEMORY_H 1
| #define HAVE_STRINGS_H 1
| #define HAVE_INTTYPES_H 1
| #define HAVE_STDINT_H 1
| #define HAVE_UNISTD_H 1
| #define HAVE__BOOL 1
| #define HAVE_STDBOOL_H 1
| #define HAVE_STRERROR 1
| #define HAVE_ACCESS 1
| #define HAVE_UNLINK 1
| #define SIZEOF_MPI_OFFSET 8
| #define SIZEOF_MPI_AINT 8
| #define ENABLE_CDF5 /**/
| #define ENABLE_REQ_AGGREGATION /**/
| #define HAVE_MPI_INFO_DUP 1
| #define HAVE_MPI_INFO_FREE 1
| #define HAVE_MPI_GET_ADDRESS 1
| #define HAVE_MPI_TYPE_CREATE_SUBARRAY 1
| #define HAVE_MPI_TYPE_CREATE_HVECTOR 1
| #define HAVE_MPI_TYPE_CREATE_HINDEXED 1
| #define HAVE_MPI_TYPE_CREATE_STRUCT 1
| #define HAVE_MPI_TYPE_CREATE_RESIZED 1
| #define HAVE_MPI_TYPE_GET_EXTENT 1
| #define HAVE_MPI_COMBINER_DUP 1
| #define HAVE_MPI_COMBINER_HVECTOR_INTEGER 1
| #define HAVE_MPI_COMBINER_HINDEXED_INTEGER 1
| #define HAVE_MPI_COMBINER_SUBARRAY 1
| #define HAVE_MPI_COMBINER_DARRAY 1
| #define HAVE_MPI_COMBINER_RESIZED 1
| #define HAVE_MPI_COMBINER_STRUCT_INTEGER 1
| #define HAVE_MPI_COMBINER_INDEXED_BLOCK 1
| #define HAVE_MPI_COMBINER_F90_REAL 1
| #define HAVE_MPI_COMBINER_F90_INTEGER 1
| #define HAVE_MPI_COMBINER_F90_COMPLEX 1
| #define HAVE_MPI_ERR_FILE_EXISTS 1
| #define HAVE_MPI_ERR_NO_SUCH_FILE 1
| #define HAVE_MPI_ERR_AMODE 1
| #define HAVE_MPI_ERR_NOT_SAME 1
| #define HAVE_MPI_ERR_BAD_FILE 1
| #define HAVE_MPI_ERR_READ_ONLY 1
| #define HAVE_MPI_ERR_ACCESS 1
| #define HAVE_MPI_ERR_NO_SPACE 1
| #define HAVE_MPI_ERR_QUOTA 1
| #define HAVE_MPI_CHAR 1
| #define HAVE_MPI_BYTE 1
| #define HAVE_MPI_SIGNED_CHAR 1
| #define HAVE_MPI_UNSIGNED_CHAR 1
| #define HAVE_MPI_SHORT 1
| #define HAVE_MPI_UNSIGNED_SHORT 1
| #define HAVE_MPI_INT 1
| #define HAVE_MPI_UNSIGNED 1
| #define HAVE_MPI_LONG 1
| #define HAVE_MPI_FLOAT 1
| #define HAVE_MPI_DOUBLE 1
| #define HAVE_MPI_LONG_LONG_INT 1
| #define HAVE_MPI_UNSIGNED_LONG_LONG 1
| #define HAVE_MPI_UB 1
| #define HAVE_MPI_LB 1
| #define HAVE_MPI_OFFSET_DATATYPE 1
| #define HAVE_SSIZE_T 1
| #define HAVE_PTRDIFF_T 1
| #define HAVE_USHORT 1
| #define HAVE_UINT 1
| /* end confdefs.h.  */
| #include <stdio.h>
| #ifdef HAVE_SYS_TYPES_H
| # include <sys/types.h>
| #endif
| #ifdef HAVE_SYS_STAT_H
| # include <sys/stat.h>
| #endif
| #ifdef STDC_HEADERS
| # include <stdlib.h>
| # include <stddef.h>
| #else
| # ifdef HAVE_STDLIB_H
| #  include <stdlib.h>
| # endif
| #endif
| #ifdef HAVE_STRING_H
| # if !defined STDC_HEADERS && defined HAVE_MEMORY_H
| #  include <memory.h>
| # endif
| # include <string.h>
| #endif
| #ifdef HAVE_STRINGS_H
| # include <strings.h>
| #endif
| #ifdef HAVE_INTTYPES_H
| # include <inttypes.h>
| #endif
| #ifdef HAVE_STDINT_H
| # include <stdint.h>
| #endif
| #ifdef HAVE_UNISTD_H
| # include <unistd.h>
| #endif
| #ifdef FC_DUMMY_MAIN
| #ifndef FC_DUMMY_MAIN_EQ_F77
| #  ifdef __cplusplus
|      extern "C"
| #  endif
|    int FC_DUMMY_MAIN() { return 1; }
| #endif
| #endif
| int
| main ()
| {
| if (sizeof (ulonglong))
| 	 return 0;
|   ;
|   return 0;
| }
configure:11631: result: no
configure:11640: checking for int64
configure:11640: /usr/local/Cellar/mpich2/1.4.1/bin/mpicc -c -O3  conftest.c >&5
conftest.c(128): error: identifier "int64" is undefined
  if (sizeof (int64))
              ^

compilation aborted for conftest.c (code 2)
configure:11640: $? = 2
configure: failed program was:
| /* confdefs.h */
| #define PACKAGE_NAME "parallel-netcdf"
| #define PACKAGE_TARNAME "parallel-netcdf"
| #define PACKAGE_VERSION "1.7.0"
| #define PACKAGE_STRING "parallel-netcdf 1.7.0"
| #define PACKAGE_BUGREPORT "parallel-netcdf@mcs.anl.gov"
| #define PACKAGE_URL ""
| #define PNETCDF_VERSION_MAJOR 1
| #define PNETCDF_VERSION_MINOR 7
| #define PNETCDF_VERSION_SUB 0
| #define PNETCDF_VERSION_PRE 
| #define PNETCDF_VERSION "1.7.0"
| #define PNETCDF_RELEASE_DATE "03 Mar 2016"
| #define CONFIGURE_ARGS_CLEAN "--with-mpi=/usr/local/Cellar/mpich2/1.4.1/ --prefix=/Users/mac/Documents/Model/DGOM/thirdLibrary/install --disable-cxx --disable-fortran MPICC=/usr/local/Cellar/mpich2/1.4.1/bin/mpicc CC=/usr/local/Cellar/mpich2/1.4.1/bin/mpicc CFLAGS=-O3"
| #define STDC_HEADERS 1
| #define HAVE_SYS_TYPES_H 1
| #define HAVE_SYS_STAT_H 1
| #define HAVE_STDLIB_H 1
| #define HAVE_STRING_H 1
| #define HAVE_MEMORY_H 1
| #define HAVE_STRINGS_H 1
| #define HAVE_INTTYPES_H 1
| #define HAVE_STDINT_H 1
| #define HAVE_UNISTD_H 1
| #define HAVE__BOOL 1
| #define HAVE_STDBOOL_H 1
| #define HAVE_STRERROR 1
| #define HAVE_ACCESS 1
| #define HAVE_UNLINK 1
| #define SIZEOF_MPI_OFFSET 8
| #define SIZEOF_MPI_AINT 8
| #define ENABLE_CDF5 /**/
| #define ENABLE_REQ_AGGREGATION /**/
| #define HAVE_MPI_INFO_DUP 1
| #define HAVE_MPI_INFO_FREE 1
| #define HAVE_MPI_GET_ADDRESS 1
| #define HAVE_MPI_TYPE_CREATE_SUBARRAY 1
| #define HAVE_MPI_TYPE_CREATE_HVECTOR 1
| #define HAVE_MPI_TYPE_CREATE_HINDEXED 1
| #define HAVE_MPI_TYPE_CREATE_STRUCT 1
| #define HAVE_MPI_TYPE_CREATE_RESIZED 1
| #define HAVE_MPI_TYPE_GET_EXTENT 1
| #define HAVE_MPI_COMBINER_DUP 1
| #define HAVE_MPI_COMBINER_HVECTOR_INTEGER 1
| #define HAVE_MPI_COMBINER_HINDEXED_INTEGER 1
| #define HAVE_MPI_COMBINER_SUBARRAY 1
| #define HAVE_MPI_COMBINER_DARRAY 1
| #define HAVE_MPI_COMBINER_RESIZED 1
| #define HAVE_MPI_COMBINER_STRUCT_INTEGER 1
| #define HAVE_MPI_COMBINER_INDEXED_BLOCK 1
| #define HAVE_MPI_COMBINER_F90_REAL 1
| #define HAVE_MPI_COMBINER_F90_INTEGER 1
| #define HAVE_MPI_COMBINER_F90_COMPLEX 1
| #define HAVE_MPI_ERR_FILE_EXISTS 1
| #define HAVE_MPI_ERR_NO_SUCH_FILE 1
| #define HAVE_MPI_ERR_AMODE 1
| #define HAVE_MPI_ERR_NOT_SAME 1
| #define HAVE_MPI_ERR_BAD_FILE 1
| #define HAVE_MPI_ERR_READ_ONLY 1
| #define HAVE_MPI_ERR_ACCESS 1
| #define HAVE_MPI_ERR_NO_SPACE 1
| #define HAVE_MPI_ERR_QUOTA 1
| #define HAVE_MPI_CHAR 1
| #define HAVE_MPI_BYTE 1
| #define HAVE_MPI_SIGNED_CHAR 1
| #define HAVE_MPI_UNSIGNED_CHAR 1
| #define HAVE_MPI_SHORT 1
| #define HAVE_MPI_UNSIGNED_SHORT 1
| #define HAVE_MPI_INT 1
| #define HAVE_MPI_UNSIGNED 1
| #define HAVE_MPI_LONG 1
| #define HAVE_MPI_FLOAT 1
| #define HAVE_MPI_DOUBLE 1
| #define HAVE_MPI_LONG_LONG_INT 1
| #define HAVE_MPI_UNSIGNED_LONG_LONG 1
| #define HAVE_MPI_UB 1
| #define HAVE_MPI_LB 1
| #define HAVE_MPI_OFFSET_DATATYPE 1
| #define HAVE_SSIZE_T 1
| #define HAVE_PTRDIFF_T 1
| #define HAVE_USHORT 1
| #define HAVE_UINT 1
| /* end confdefs.h.  */
| #include <stdio.h>
| #ifdef HAVE_SYS_TYPES_H
| # include <sys/types.h>
| #endif
| #ifdef HAVE_SYS_STAT_H
| # include <sys/stat.h>
| #endif
| #ifdef STDC_HEADERS
| # include <stdlib.h>
| # include <stddef.h>
| #else
| # ifdef HAVE_STDLIB_H
| #  include <stdlib.h>
| # endif
| #endif
| #ifdef HAVE_STRING_H
| # if !defined STDC_HEADERS && defined HAVE_MEMORY_H
| #  include <memory.h>
| # endif
| # include <string.h>
| #endif
| #ifdef HAVE_STRINGS_H
| # include <strings.h>
| #endif
| #ifdef HAVE_INTTYPES_H
| # include <inttypes.h>
| #endif
| #ifdef HAVE_STDINT_H
| # include <stdint.h>
| #endif
| #ifdef HAVE_UNISTD_H
| # include <unistd.h>
| #endif
| #ifdef FC_DUMMY_MAIN
| #ifndef FC_DUMMY_MAIN_EQ_F77
| #  ifdef __cplusplus
|      extern "C"
| #  endif
|    int FC_DUMMY_MAIN() { return 1; }
| #endif
| #endif
| int
| main ()
| {
| if (sizeof (int64))
| 	 return 0;
|   ;
|   return 0;
| }
configure:11640: result: no
configure:11649: checking for uint64
configure:11649: /usr/local/Cellar/mpich2/1.4.1/bin/mpicc -c -O3  conftest.c >&5
conftest.c(128): error: identifier "uint64" is undefined
  if (sizeof (uint64))
              ^

compilation aborted for conftest.c (code 2)
configure:11649: $? = 2
configure: failed program was:
| /* confdefs.h */
| #define PACKAGE_NAME "parallel-netcdf"
| #define PACKAGE_TARNAME "parallel-netcdf"
| #define PACKAGE_VERSION "1.7.0"
| #define PACKAGE_STRING "parallel-netcdf 1.7.0"
| #define PACKAGE_BUGREPORT "parallel-netcdf@mcs.anl.gov"
| #define PACKAGE_URL ""
| #define PNETCDF_VERSION_MAJOR 1
| #define PNETCDF_VERSION_MINOR 7
| #define PNETCDF_VERSION_SUB 0
| #define PNETCDF_VERSION_PRE 
| #define PNETCDF_VERSION "1.7.0"
| #define PNETCDF_RELEASE_DATE "03 Mar 2016"
| #define CONFIGURE_ARGS_CLEAN "--with-mpi=/usr/local/Cellar/mpich2/1.4.1/ --prefix=/Users/mac/Documents/Model/DGOM/thirdLibrary/install --disable-cxx --disable-fortran MPICC=/usr/local/Cellar/mpich2/1.4.1/bin/mpicc CC=/usr/local/Cellar/mpich2/1.4.1/bin/mpicc CFLAGS=-O3"
| #define STDC_HEADERS 1
| #define HAVE_SYS_TYPES_H 1
| #define HAVE_SYS_STAT_H 1
| #define HAVE_STDLIB_H 1
| #define HAVE_STRING_H 1
| #define HAVE_MEMORY_H 1
| #define HAVE_STRINGS_H 1
| #define HAVE_INTTYPES_H 1
| #define HAVE_STDINT_H 1
| #define HAVE_UNISTD_H 1
| #define HAVE__BOOL 1
| #define HAVE_STDBOOL_H 1
| #define HAVE_STRERROR 1
| #define HAVE_ACCESS 1
| #define HAVE_UNLINK 1
| #define SIZEOF_MPI_OFFSET 8
| #define SIZEOF_MPI_AINT 8
| #define ENABLE_CDF5 /**/
| #define ENABLE_REQ_AGGREGATION /**/
| #define HAVE_MPI_INFO_DUP 1
| #define HAVE_MPI_INFO_FREE 1
| #define HAVE_MPI_GET_ADDRESS 1
| #define HAVE_MPI_TYPE_CREATE_SUBARRAY 1
| #define HAVE_MPI_TYPE_CREATE_HVECTOR 1
| #define HAVE_MPI_TYPE_CREATE_HINDEXED 1
| #define HAVE_MPI_TYPE_CREATE_STRUCT 1
| #define HAVE_MPI_TYPE_CREATE_RESIZED 1
| #define HAVE_MPI_TYPE_GET_EXTENT 1
| #define HAVE_MPI_COMBINER_DUP 1
| #define HAVE_MPI_COMBINER_HVECTOR_INTEGER 1
| #define HAVE_MPI_COMBINER_HINDEXED_INTEGER 1
| #define HAVE_MPI_COMBINER_SUBARRAY 1
| #define HAVE_MPI_COMBINER_DARRAY 1
| #define HAVE_MPI_COMBINER_RESIZED 1
| #define HAVE_MPI_COMBINER_STRUCT_INTEGER 1
| #define HAVE_MPI_COMBINER_INDEXED_BLOCK 1
| #define HAVE_MPI_COMBINER_F90_REAL 1
| #define HAVE_MPI_COMBINER_F90_INTEGER 1
| #define HAVE_MPI_COMBINER_F90_COMPLEX 1
| #define HAVE_MPI_ERR_FILE_EXISTS 1
| #define HAVE_MPI_ERR_NO_SUCH_FILE 1
| #define HAVE_MPI_ERR_AMODE 1
| #define HAVE_MPI_ERR_NOT_SAME 1
| #define HAVE_MPI_ERR_BAD_FILE 1
| #define HAVE_MPI_ERR_READ_ONLY 1
| #define HAVE_MPI_ERR_ACCESS 1
| #define HAVE_MPI_ERR_NO_SPACE 1
| #define HAVE_MPI_ERR_QUOTA 1
| #define HAVE_MPI_CHAR 1
| #define HAVE_MPI_BYTE 1
| #define HAVE_MPI_SIGNED_CHAR 1
| #define HAVE_MPI_UNSIGNED_CHAR 1
| #define HAVE_MPI_SHORT 1
| #define HAVE_MPI_UNSIGNED_SHORT 1
| #define HAVE_MPI_INT 1
| #define HAVE_MPI_UNSIGNED 1
| #define HAVE_MPI_LONG 1
| #define HAVE_MPI_FLOAT 1
| #define HAVE_MPI_DOUBLE 1
| #define HAVE_MPI_LONG_LONG_INT 1
| #define HAVE_MPI_UNSIGNED_LONG_LONG 1
| #define HAVE_MPI_UB 1
| #define HAVE_MPI_LB 1
| #define HAVE_MPI_OFFSET_DATATYPE 1
| #define HAVE_SSIZE_T 1
| #define HAVE_PTRDIFF_T 1
| #define HAVE_USHORT 1
| #define HAVE_UINT 1
| /* end confdefs.h.  */
| #include <stdio.h>
| #ifdef HAVE_SYS_TYPES_H
| # include <sys/types.h>
| #endif
| #ifdef HAVE_SYS_STAT_H
| # include <sys/stat.h>
| #endif
| #ifdef STDC_HEADERS
| # include <stdlib.h>
| # include <stddef.h>
| #else
| # ifdef HAVE_STDLIB_H
| #  include <stdlib.h>
| # endif
| #endif
| #ifdef HAVE_STRING_H
| # if !defined STDC_HEADERS && defined HAVE_MEMORY_H
| #  include <memory.h>
| # endif
| # include <string.h>
| #endif
| #ifdef HAVE_STRINGS_H
| # include <strings.h>
| #endif
| #ifdef HAVE_INTTYPES_H
| # include <inttypes.h>
| #endif
| #ifdef HAVE_STDINT_H
| # include <stdint.h>
| #endif
| #ifdef HAVE_UNISTD_H
| # include <unistd.h>
| #endif
| #ifdef FC_DUMMY_MAIN
| #ifndef FC_DUMMY_MAIN_EQ_F77
| #  ifdef __cplusplus
|      extern "C"
| #  endif
|    int FC_DUMMY_MAIN() { return 1; }
| #endif
| #endif
| int
| main ()
| {
| if (sizeof (uint64))
| 	 return 0;
|   ;
|   return 0;
| }
configure:11649: result: no
configure:11664: checking size of size_t
configure:11669: /usr/local/Cellar/mpich2/1.4.1/bin/mpicc -o conftest -O3   conftest.c  >&5
configure:11669: $? = 0
configure:11669: ./conftest
configure:11669: $? = 0
configure:11683: result: 8
configure:11697: checking size of off_t
configure:11702: /usr/local/Cellar/mpich2/1.4.1/bin/mpicc -o conftest -O3   conftest.c  >&5
configure:11702: $? = 0
configure:11702: ./conftest
configure:11702: $? = 0
configure:11716: result: 8
configure:11730: checking size of signed char
configure:11735: /usr/local/Cellar/mpich2/1.4.1/bin/mpicc -o conftest -O3   conftest.c  >&5
configure:11735: $? = 0
configure:11735: ./conftest
configure:11735: $? = 0
configure:11749: result: 1
configure:11763: checking size of unsigned char
configure:11768: /usr/local/Cellar/mpich2/1.4.1/bin/mpicc -o conftest -O3   conftest.c  >&5
configure:11768: $? = 0
configure:11768: ./conftest
configure:11768: $? = 0
configure:11782: result: 1
configure:11796: checking size of short
configure:11801: /usr/local/Cellar/mpich2/1.4.1/bin/mpicc -o conftest -O3   conftest.c  >&5
configure:11801: $? = 0
configure:11801: ./conftest
configure:11801: $? = 0
configure:11815: result: 2
configure:11829: checking size of unsigned short
configure:11834: /usr/local/Cellar/mpich2/1.4.1/bin/mpicc -o conftest -O3   conftest.c  >&5
configure:11834: $? = 0
configure:11834: ./conftest
configure:11834: $? = 0
configure:11848: result: 2
configure:11862: checking size of int
configure:11867: /usr/local/Cellar/mpich2/1.4.1/bin/mpicc -o conftest -O3   conftest.c  >&5
configure:11867: $? = 0
configure:11867: ./conftest
configure:11867: $? = 0
configure:11881: result: 4
configure:11895: checking size of unsigned int
configure:11900: /usr/local/Cellar/mpich2/1.4.1/bin/mpicc -o conftest -O3   conftest.c  >&5
configure:11900: $? = 0
configure:11900: ./conftest
configure:11900: $? = 0
configure:11914: result: 4
configure:11928: checking size of long
configure:11933: /usr/local/Cellar/mpich2/1.4.1/bin/mpicc -o conftest -O3   conftest.c  >&5
configure:11933: $? = 0
configure:11933: ./conftest
configure:11933: $? = 0
configure:11947: result: 8
configure:11961: checking size of float
configure:11966: /usr/local/Cellar/mpich2/1.4.1/bin/mpicc -o conftest -O3   conftest.c  >&5
configure:11966: $? = 0
configure:11966: ./conftest
configure:11966: $? = 0
configure:11980: result: 4
configure:11994: checking size of double
configure:11999: /usr/local/Cellar/mpich2/1.4.1/bin/mpicc -o conftest -O3   conftest.c  >&5
configure:11999: $? = 0
configure:11999: ./conftest
configure:11999: $? = 0
configure:12013: result: 8
configure:12027: checking size of long long
configure:12032: /usr/local/Cellar/mpich2/1.4.1/bin/mpicc -o conftest -O3   conftest.c  >&5
configure:12032: $? = 0
configure:12032: ./conftest
configure:12032: $? = 0
configure:12046: result: 8
configure:12060: checking size of unsigned long long
configure:12065: /usr/local/Cellar/mpich2/1.4.1/bin/mpicc -o conftest -O3   conftest.c  >&5
configure:12065: $? = 0
configure:12065: ./conftest
configure:12065: $? = 0
configure:12079: result: 8
configure:12095: checking size of ushort
configure:12100: /usr/local/Cellar/mpich2/1.4.1/bin/mpicc -o conftest -O3   conftest.c  >&5
configure:12100: $? = 0
configure:12100: ./conftest
configure:12100: $? = 0
configure:12114: result: 2
configure:12130: checking size of uint
configure:12135: /usr/local/Cellar/mpich2/1.4.1/bin/mpicc -o conftest -O3   conftest.c  >&5
configure:12135: $? = 0
configure:12135: ./conftest
configure:12135: $? = 0
configure:12149: result: 4
configure:13386: checking for catman
configure:13416: result: no
configure:13386: checking for makewhatis
configure:13416: result: no
configure:13386: checking for /usr/lib/makewhatis
configure:13416: result: no
configure:13436: checking for manual-page index command
configure:13438: result: 
configure:13607: checking for latex
configure:13625: found /usr/texbin/latex
configure:13637: result: /usr/texbin/latex
configure:13647: checking for dvipdf
configure:13665: found /usr/local/bin/dvipdf
configure:13677: result: /usr/local/bin/dvipdf
configure:13739: checking for gcc
configure:13757: found /usr/bin/gcc
configure:13770: result: /usr/bin/gcc
configure:13911: creating ./config.status

## ---------------------- ##
## Running config.status. ##
## ---------------------- ##

This file was extended by parallel-netcdf config.status 1.7.0, which was
generated by GNU Autoconf 2.69.  Invocation command line was

  CONFIG_FILES    = 
  CONFIG_HEADERS  = 
  CONFIG_LINKS    = 
  CONFIG_COMMANDS = 
  $ ./config.status 

on li12242

config.status:1041: creating macros.make
config.status:1041: creating Makefile
config.status:1041: creating src/Makefile
config.status:1041: creating src/lib/Makefile
config.status:1041: creating src/lib/pnetcdf.h
config.status:1041: creating src/lib/pnetcdf.pc
config.status:1041: creating src/utils/Makefile
config.status:1041: creating src/utils/ncmpidump/Makefile
config.status:1041: creating src/utils/ncmpidiff/Makefile
config.status:1041: creating src/utils/ncmpigen/Makefile
config.status:1041: creating src/utils/ncmpivalid/Makefile
config.status:1041: creating src/utils/pnetcdf_version/Makefile
config.status:1041: creating src/utils/ncoffsets/Makefile
config.status:1041: creating test/Makefile
config.status:1041: creating test/common/Makefile
config.status:1041: creating test/nc_test/Makefile
config.status:1041: creating test/C/Makefile
config.status:1041: creating test/fandc/Makefile
config.status:1041: creating test/testcases/Makefile
config.status:1041: creating test/nonblocking/Makefile
config.status:1041: creating test/header/Makefile
config.status:1041: creating test/cdf_format/Makefile
config.status:1041: creating test/largefile/Makefile
config.status:1041: creating examples/C/Makefile
config.status:1041: creating examples/tutorial/Makefile
config.status:1041: creating examples/Makefile
config.status:1041: creating doc/Makefile
config.status:1041: creating man/Makefile
config.status:1041: creating scripts/Makefile
config.status:1041: creating benchmarks/Makefile
config.status:1041: creating benchmarks/C/Makefile
config.status:1041: creating test/nf_test/Makefile
config.status:1041: creating test/nf_test/tests.inc
config.status:1041: creating test/nf90_test/Makefile
config.status:1041: creating test/F90/Makefile
config.status:1041: creating examples/F77/Makefile
config.status:1041: creating examples/F90/Makefile
config.status:1041: creating src/libf90/Makefile
config.status:1041: creating src/libf90/pnetcdf.f90
config.status:1041: creating src/libf90/api.f90
config.status:1041: creating src/libf90/nfmpi_constants.f90
config.status:1041: creating src/libf/Makefile
config.status:1041: creating src/libf/pnetcdf.inc
config.status:1041: creating src/libcxx/Makefile
config.status:1041: creating examples/CXX/Makefile
config.status:1041: creating test/CXX/Makefile
config.status:1041: creating benchmarks/FLASH-IO/Makefile
config.status:1041: creating test/subfile/Makefile
config.status:1041: creating stamp-h
config.status:1041: creating src/lib/ncconfig.h
config.status:1216: src/lib/ncconfig.h is unchanged
config.status:1041: creating src/libf/nfconfig_inc
config.status:1216: src/libf/nfconfig_inc is unchanged

## ---------------- ##
## Cache variables. ##
## ---------------- ##

ac_cv_c_bigendian=no
ac_cv_c_char_unsigned=no
ac_cv_c_compiler_gnu=yes
ac_cv_c_ieeefloat=yes
ac_cv_c_inline=inline
ac_cv_env_CCC_set=
ac_cv_env_CCC_value=
ac_cv_env_CC_set=set
ac_cv_env_CC_value=/usr/local/Cellar/mpich2/1.4.1/bin/mpicc
ac_cv_env_CFLAGS_set=set
ac_cv_env_CFLAGS_value=-O3
ac_cv_env_CPPFLAGS_set=
ac_cv_env_CPPFLAGS_value=
ac_cv_env_CPP_set=
ac_cv_env_CPP_value=
ac_cv_env_CXXFLAGS_set=
ac_cv_env_CXXFLAGS_value=
ac_cv_env_CXX_set=
ac_cv_env_CXX_value=
ac_cv_env_F77_set=
ac_cv_env_F77_value=
ac_cv_env_FCFLAGS_set=
ac_cv_env_FCFLAGS_value=
ac_cv_env_FC_set=
ac_cv_env_FC_value=
ac_cv_env_FFLAGS_set=
ac_cv_env_FFLAGS_value=
ac_cv_env_LDFLAGS_set=
ac_cv_env_LDFLAGS_value=
ac_cv_env_LIBS_set=
ac_cv_env_LIBS_value=
ac_cv_env_MPICC_set=set
ac_cv_env_MPICC_value=/usr/local/Cellar/mpich2/1.4.1/bin/mpicc
ac_cv_env_MPICXX_set=
ac_cv_env_MPICXX_value=
ac_cv_env_MPIF77_set=
ac_cv_env_MPIF77_value=
ac_cv_env_MPIF90_set=
ac_cv_env_MPIF90_value=
ac_cv_env_RM_set=
ac_cv_env_RM_value=
ac_cv_env_TEST_MPIRUN_set=
ac_cv_env_TEST_MPIRUN_value=
ac_cv_env_TEST_OUTDIR_set=
ac_cv_env_TEST_OUTDIR_value=
ac_cv_env_TEST_SEQRUN_set=
ac_cv_env_TEST_SEQRUN_value=
ac_cv_env_build_alias_set=
ac_cv_env_build_alias_value=
ac_cv_env_host_alias_set=
ac_cv_env_host_alias_value=
ac_cv_env_target_alias_set=
ac_cv_env_target_alias_value=
ac_cv_func_MPI_Comm_rank=yes
ac_cv_func_MPI_File_open=yes
ac_cv_func_MPI_Get_address=yes
ac_cv_func_MPI_Info_dup=yes
ac_cv_func_MPI_Info_free=yes
ac_cv_func_MPI_Type_create_hindexed=yes
ac_cv_func_MPI_Type_create_hvector=yes
ac_cv_func_MPI_Type_create_resized=yes
ac_cv_func_MPI_Type_create_struct=yes
ac_cv_func_MPI_Type_create_subarray=yes
ac_cv_func_MPI_Type_get_extent=yes
ac_cv_func_access=yes
ac_cv_func_strerror=yes
ac_cv_func_unlink=yes
ac_cv_header_inttypes_h=yes
ac_cv_header_memory_h=yes
ac_cv_header_stdbool_h=yes
ac_cv_header_stdc=yes
ac_cv_header_stdint_h=yes
ac_cv_header_stdlib_h=yes
ac_cv_header_string_h=yes
ac_cv_header_strings_h=yes
ac_cv_header_sys_stat_h=yes
ac_cv_header_sys_types_h=yes
ac_cv_header_unistd_h=yes
ac_cv_m4_stdout=
ac_cv_objext=o
ac_cv_path_DVIPDF=/usr/local/bin/dvipdf
ac_cv_path_EGREP='/usr/bin/grep -E'
ac_cv_path_GREP=/usr/bin/grep
ac_cv_path_LATEX=/usr/texbin/latex
ac_cv_path_SEQ_CC=/usr/bin/gcc
ac_cv_path_install='/usr/bin/install -c'
ac_cv_prog_AR=ar
ac_cv_prog_CPP='/usr/local/Cellar/mpich2/1.4.1/bin/mpicc -E'
ac_cv_prog_M4=m4
ac_cv_prog_NM=nm
ac_cv_prog_ac_ct_CC=/usr/local/Cellar/mpich2/1.4.1/bin/mpicc
ac_cv_prog_ac_ct_RANLIB=ranlib
ac_cv_prog_cc_c89=
ac_cv_prog_cc_g=yes
ac_cv_prog_make_make_set=yes
ac_cv_sizeof_MPI_Aint=8
ac_cv_sizeof_MPI_Offset=8
ac_cv_sizeof_double=8
ac_cv_sizeof_float=4
ac_cv_sizeof_int=4
ac_cv_sizeof_long=8
ac_cv_sizeof_long_long=8
ac_cv_sizeof_off_t=8
ac_cv_sizeof_short=2
ac_cv_sizeof_signed_char=1
ac_cv_sizeof_size_t=8
ac_cv_sizeof_uint=4
ac_cv_sizeof_unsigned_char=1
ac_cv_sizeof_unsigned_int=4
ac_cv_sizeof_unsigned_long_long=8
ac_cv_sizeof_unsigned_short=2
ac_cv_sizeof_ushort=2
ac_cv_sys_file_offset_bits=no
ac_cv_sys_largefile_CC=no
ac_cv_type_MPI_Offset=yes
ac_cv_type__Bool=yes
ac_cv_type_int64=no
ac_cv_type_longlong=no
ac_cv_type_off_t=yes
ac_cv_type_ptrdiff_t=yes
ac_cv_type_size_t=yes
ac_cv_type_ssize_t=yes
ac_cv_type_uchar=no
ac_cv_type_uint64=no
ac_cv_type_uint=yes
ac_cv_type_ulonglong=no
ac_cv_type_ushort=yes

## ----------------- ##
## Output variables. ##
## ----------------- ##

AR='ar'
ARFLAGS='cru'
BUILDDIR='/Users/mac/Documents/Model/DGOM/thirdLibrary/parallel-netcdf-1.7.0'
CC='/usr/local/Cellar/mpich2/1.4.1/bin/mpicc'
CC_MAKEDEPEND='false'
CFLAGS='-O3'
CONFIGURE_ARGS_CLEAN='--with-mpi=/usr/local/Cellar/mpich2/1.4.1/ --prefix=/Users/mac/Documents/Model/DGOM/thirdLibrary/install --disable-cxx --disable-fortran MPICC=/usr/local/Cellar/mpich2/1.4.1/bin/mpicc CC=/usr/local/Cellar/mpich2/1.4.1/bin/mpicc CFLAGS=-O3'
CPP='/usr/local/Cellar/mpich2/1.4.1/bin/mpicc -E'
CPPFLAGS=''
CXX=''
CXXCPPFLAGS=''
CXXFLAGS=''
DEFS='-DHAVE_CONFIG_H'
DVIPDF='/usr/local/bin/dvipdf'
ECHO_C='\c'
ECHO_N=''
ECHO_T=''
EGREP='/usr/bin/grep -E'
EXEEXT=''
F77=''
F77FLAGS=''
F77FLAGS_F=''
F77FLAGS_f=''
F77PPFLAGS_F=''
F77PPFLAGS_f=''
F77_SUPPORT_FREEFORM='no'
F90FLAGS=''
F90FLAGS_F90=''
F90FLAGS_f90=''
F90LDFLAGS=''
F90LIBS=''
F90PPFLAGS_F90=''
F90PPFLAGS_f90=''
FC=''
FCFLAGS=''
FCFLAGS_F90=''
FCFLAGS_F=''
FCFLAGS_f90=''
FCFLAGS_f=''
FCLIBS=''
FC_DEFINE=''
FC_MODEXT=''
FC_MODINC=''
FC_MODOUT=''
FFIXEDFORMFLAG=''
FFLAGS=''
FFREEFORMFLAG=''
FLDFLAGS=''
FLIBS=''
FPP=''
FPPFLAGS=''
GREP='/usr/bin/grep'
INSTALL_DATA='${INSTALL} -m 644'
INSTALL_PROGRAM='${INSTALL}'
INSTALL_SCRIPT='${INSTALL}'
INTENTV='INOUT'
LATEX='/usr/texbin/latex'
LCOV_LIB=''
LDFLAGS=''
LIBOBJS=''
LIBS=''
LN_S='ln -s'
LTLIBOBJS=''
M4='m4'
M4FLAGS=''
MAKEWHATIS_CMD=''
MPICC='/usr/local/Cellar/mpich2/1.4.1/bin/mpicc'
MPICXX=''
MPIF77=''
MPIF90=''
NAG_FCFLAGS=''
NAGf90FPPFLAGS=''
NM='nm'
NMFLAGS=''
OBJEXT='o'
PACKAGE_BUGREPORT='parallel-netcdf@mcs.anl.gov'
PACKAGE_NAME='parallel-netcdf'
PACKAGE_STRING='parallel-netcdf 1.7.0'
PACKAGE_TARNAME='parallel-netcdf'
PACKAGE_URL=''
PACKAGE_VERSION='1.7.0'
PATH_SEPARATOR=':'
PNC_DEBUG='no'
PNETCDF_INC='/Users/mac/Documents/Model/DGOM/thirdLibrary/parallel-netcdf-1.7.0/src/libf90'
PNETCDF_LIB='-L/Users/mac/Documents/Model/DGOM/thirdLibrary/parallel-netcdf-1.7.0/src/lib'
PNETCDF_RELEASE_DATE2='2016-03-03'
PNETCDF_RELEASE_DATE='03 Mar 2016'
PNETCDF_VERSION='1.7.0'
PNETCDF_VERSION_MAJOR='1'
PNETCDF_VERSION_MINOR='7'
PNETCDF_VERSION_PRE=''
PNETCDF_VERSION_SUB='0'
PNF_FILL_INT64=''
PNF_FILL_UINT64=''
PNF_FILL_UINT=''
PNF_INT8_MODIFIER=''
PNF_X_INT8_MAX=''
PNF_X_INT8_MIN=''
PNF_X_UINT8_MAX=''
PNF_X_UINT_MAX=''
RANLIB='ranlib'
RM='rm'
SEQ_CC='/usr/bin/gcc'
SET_MAKE=''
SHELL='/bin/sh'
SIZEOF_MPI_AINT_IS_4='no'
SIZEOF_MPI_OFFSET='8'
TEST_MPIRUN='mpiexec -n NP'
TEST_OUTDIR='.'
TEST_SEQRUN=''
UPPER_CASE_MOD='no'
USE_MPIF_HEADER=''
WHATIS='whatis'
ac_ct_CC='/usr/local/Cellar/mpich2/1.4.1/bin/mpicc'
ac_ct_CXX=''
ac_ct_F77=''
ac_ct_FC=''
ac_empty=''
bindir='${exec_prefix}/bin'
build=''
build_alias=''
build_cpu=''
build_os=''
build_vendor=''
datadir='${datarootdir}'
datarootdir='${prefix}/share'
docdir='${datarootdir}/doc/${PACKAGE_TARNAME}'
dvidir='${docdir}'
enable_coverage='no'
enable_subfiling='no'
exec_prefix='${prefix}'
has_fortran='no'
has_latex='yes'
has_mpicxx='no'
have_yacc_lex='no'
host=''
host_alias=''
host_cpu=''
host_os=''
host_vendor=''
htmldir='${docdir}'
includedir='${prefix}/include'
infodir='${datarootdir}/info'
is_bigendian='no'
large_file_test='no'
libdir='${exec_prefix}/lib'
libexecdir='${exec_prefix}/libexec'
localedir='${datarootdir}/locale'
localstatedir='${prefix}/var'
mandir='${datarootdir}/man'
mpi_mod=''
oldincludedir='/usr/include'
pdfdir='${docdir}'
prefix='/Users/mac/Documents/Model/DGOM/thirdLibrary/install'
prog=''
program_transform_name='s,x,x,'
psdir='${docdir}'
rm_cmd=''
sbindir='${exec_prefix}/sbin'
sharedstatedir='${prefix}/com'
sysconfdir='${prefix}/etc'
target_alias=''

## ----------- ##
## confdefs.h. ##
## ----------- ##

/* confdefs.h */
#define PACKAGE_NAME "parallel-netcdf"
#define PACKAGE_TARNAME "parallel-netcdf"
#define PACKAGE_VERSION "1.7.0"
#define PACKAGE_STRING "parallel-netcdf 1.7.0"
#define PACKAGE_BUGREPORT "parallel-netcdf@mcs.anl.gov"
#define PACKAGE_URL ""
#define PNETCDF_VERSION_MAJOR 1
#define PNETCDF_VERSION_MINOR 7
#define PNETCDF_VERSION_SUB 0
#define PNETCDF_VERSION_PRE 
#define PNETCDF_VERSION "1.7.0"
#define PNETCDF_RELEASE_DATE "03 Mar 2016"
#define CONFIGURE_ARGS_CLEAN "--with-mpi=/usr/local/Cellar/mpich2/1.4.1/ --prefix=/Users/mac/Documents/Model/DGOM/thirdLibrary/install --disable-cxx --disable-fortran MPICC=/usr/local/Cellar/mpich2/1.4.1/bin/mpicc CC=/usr/local/Cellar/mpich2/1.4.1/bin/mpicc CFLAGS=-O3"
#define STDC_HEADERS 1
#define HAVE_SYS_TYPES_H 1
#define HAVE_SYS_STAT_H 1
#define HAVE_STDLIB_H 1
#define HAVE_STRING_H 1
#define HAVE_MEMORY_H 1
#define HAVE_STRINGS_H 1
#define HAVE_INTTYPES_H 1
#define HAVE_STDINT_H 1
#define HAVE_UNISTD_H 1
#define HAVE__BOOL 1
#define HAVE_STDBOOL_H 1
#define HAVE_STRERROR 1
#define HAVE_ACCESS 1
#define HAVE_UNLINK 1
#define SIZEOF_MPI_OFFSET 8
#define SIZEOF_MPI_AINT 8
#define ENABLE_CDF5 /**/
#define ENABLE_REQ_AGGREGATION /**/
#define HAVE_MPI_INFO_DUP 1
#define HAVE_MPI_INFO_FREE 1
#define HAVE_MPI_GET_ADDRESS 1
#define HAVE_MPI_TYPE_CREATE_SUBARRAY 1
#define HAVE_MPI_TYPE_CREATE_HVECTOR 1
#define HAVE_MPI_TYPE_CREATE_HINDEXED 1
#define HAVE_MPI_TYPE_CREATE_STRUCT 1
#define HAVE_MPI_TYPE_CREATE_RESIZED 1
#define HAVE_MPI_TYPE_GET_EXTENT 1
#define HAVE_MPI_COMBINER_DUP 1
#define HAVE_MPI_COMBINER_HVECTOR_INTEGER 1
#define HAVE_MPI_COMBINER_HINDEXED_INTEGER 1
#define HAVE_MPI_COMBINER_SUBARRAY 1
#define HAVE_MPI_COMBINER_DARRAY 1
#define HAVE_MPI_COMBINER_RESIZED 1
#define HAVE_MPI_COMBINER_STRUCT_INTEGER 1
#define HAVE_MPI_COMBINER_INDEXED_BLOCK 1
#define HAVE_MPI_COMBINER_F90_REAL 1
#define HAVE_MPI_COMBINER_F90_INTEGER 1
#define HAVE_MPI_COMBINER_F90_COMPLEX 1
#define HAVE_MPI_ERR_FILE_EXISTS 1
#define HAVE_MPI_ERR_NO_SUCH_FILE 1
#define HAVE_MPI_ERR_AMODE 1
#define HAVE_MPI_ERR_NOT_SAME 1
#define HAVE_MPI_ERR_BAD_FILE 1
#define HAVE_MPI_ERR_READ_ONLY 1
#define HAVE_MPI_ERR_ACCESS 1
#define HAVE_MPI_ERR_NO_SPACE 1
#define HAVE_MPI_ERR_QUOTA 1
#define HAVE_MPI_CHAR 1
#define HAVE_MPI_BYTE 1
#define HAVE_MPI_SIGNED_CHAR 1
#define HAVE_MPI_UNSIGNED_CHAR 1
#define HAVE_MPI_SHORT 1
#define HAVE_MPI_UNSIGNED_SHORT 1
#define HAVE_MPI_INT 1
#define HAVE_MPI_UNSIGNED 1
#define HAVE_MPI_LONG 1
#define HAVE_MPI_FLOAT 1
#define HAVE_MPI_DOUBLE 1
#define HAVE_MPI_LONG_LONG_INT 1
#define HAVE_MPI_UNSIGNED_LONG_LONG 1
#define HAVE_MPI_UB 1
#define HAVE_MPI_LB 1
#define HAVE_MPI_OFFSET_DATATYPE 1
#define HAVE_SSIZE_T 1
#define HAVE_PTRDIFF_T 1
#define HAVE_USHORT 1
#define HAVE_UINT 1
#define SIZEOF_SIZE_T 8
#define SIZEOF_OFF_T 8
#define SIZEOF_SIGNED_CHAR 1
#define SIZEOF_UNSIGNED_CHAR 1
#define SIZEOF_SHORT 2
#define SIZEOF_UNSIGNED_SHORT 2
#define SIZEOF_INT 4
#define SIZEOF_UNSIGNED_INT 4
#define SIZEOF_LONG 8
#define SIZEOF_FLOAT 4
#define SIZEOF_DOUBLE 8
#define SIZEOF_LONG_LONG 8
#define SIZEOF_UNSIGNED_LONG_LONG 8
#define SIZEOF_USHORT 2
#define SIZEOF_UINT 4

configure: exit 0
